2024-10-15T11:30:15.450-05:00  INFO 26616 --- [SysAlmacenFX] [JavaFX-Launcher] o.s.boot.SpringApplication               : Starting application using Java 17.0.10 with PID 26616 (started by Datos in D:\POO\DESARROLLO\POO2024C2G1\SysAlmacenFX)
2024-10-15T11:30:15.451-05:00  INFO 26616 --- [SysAlmacenFX] [JavaFX-Launcher] o.s.boot.SpringApplication               : No active profile set, falling back to 1 default profile: "default"
2024-10-15T11:30:15.906-05:00  INFO 26616 --- [SysAlmacenFX] [JavaFX-Launcher] .s.d.r.c.RepositoryConfigurationDelegate : Bootstrapping Spring Data JPA repositories in DEFAULT mode.
2024-10-15T11:30:15.967-05:00  INFO 26616 --- [SysAlmacenFX] [JavaFX-Launcher] .s.d.r.c.RepositoryConfigurationDelegate : Finished Spring Data repository scanning in 55 ms. Found 15 JPA repository interfaces.
2024-10-15T11:30:16.254-05:00  INFO 26616 --- [SysAlmacenFX] [JavaFX-Launcher] o.hibernate.jpa.internal.util.LogHelper  : HHH000204: Processing PersistenceUnitInfo [name: default]
2024-10-15T11:30:16.294-05:00  INFO 26616 --- [SysAlmacenFX] [JavaFX-Launcher] org.hibernate.Version                    : HHH000412: Hibernate ORM core version 6.5.3.Final
2024-10-15T11:30:16.318-05:00  INFO 26616 --- [SysAlmacenFX] [JavaFX-Launcher] o.h.c.internal.RegionFactoryInitiator    : HHH000026: Second-level cache disabled
2024-10-15T11:30:16.533-05:00  INFO 26616 --- [SysAlmacenFX] [JavaFX-Launcher] o.s.o.j.p.SpringPersistenceUnitInfo      : No LoadTimeWeaver setup: ignoring JPA class transformer
2024-10-15T11:30:16.562-05:00  INFO 26616 --- [SysAlmacenFX] [JavaFX-Launcher] com.zaxxer.hikari.HikariDataSource       : HikariPool-1 - Starting...
2024-10-15T11:30:16.636-05:00  INFO 26616 --- [SysAlmacenFX] [JavaFX-Launcher] com.zaxxer.hikari.pool.HikariPool        : HikariPool-1 - Added connection org.sqlite.jdbc4.JDBC4Connection@3faabe5d
2024-10-15T11:30:16.637-05:00  INFO 26616 --- [SysAlmacenFX] [JavaFX-Launcher] com.zaxxer.hikari.HikariDataSource       : HikariPool-1 - Start completed.
2024-10-15T11:30:17.530-05:00  INFO 26616 --- [SysAlmacenFX] [JavaFX-Launcher] o.h.e.t.j.p.i.JtaPlatformInitiator       : HHH000489: No JTA platform available (set 'hibernate.transaction.jta.platform' to enable JTA platform integration)
2024-10-15T11:30:17.561-05:00  INFO 26616 --- [SysAlmacenFX] [JavaFX-Launcher] j.LocalContainerEntityManagerFactoryBean : Initialized JPA EntityManagerFactory for persistence unit 'default'
2024-10-15T11:30:18.067-05:00  INFO 26616 --- [SysAlmacenFX] [JavaFX-Launcher] o.s.boot.SpringApplication               : Started application in 3.011 seconds (process running for 3.509)
2024-10-15T11:32:35.267-05:00  INFO 26616 --- [SysAlmacenFX] [JavaFX Application Thread] j.LocalContainerEntityManagerFactoryBean : Closing JPA EntityManagerFactory for persistence unit 'default'
2024-10-15T11:32:35.270-05:00  INFO 26616 --- [SysAlmacenFX] [JavaFX Application Thread] com.zaxxer.hikari.HikariDataSource       : HikariPool-1 - Shutdown initiated...
2024-10-15T11:32:35.272-05:00  INFO 26616 --- [SysAlmacenFX] [JavaFX Application Thread] com.zaxxer.hikari.HikariDataSource       : HikariPool-1 - Shutdown completed.
2024-10-18T08:53:58.731-05:00  INFO 15600 --- [SysAlmacenFX] [JavaFX-Launcher] o.s.boot.SpringApplication               : Starting application using Java 18.0.1.1 with PID 15600 (started by PC-Laboratorio in D:\POO\DESARROLLO\POO2024C2G1\SysAlmacenFX)
2024-10-18T08:53:58.751-05:00  INFO 15600 --- [SysAlmacenFX] [JavaFX-Launcher] o.s.boot.SpringApplication               : No active profile set, falling back to 1 default profile: "default"
2024-10-18T08:54:01.796-05:00  INFO 15600 --- [SysAlmacenFX] [JavaFX-Launcher] .s.d.r.c.RepositoryConfigurationDelegate : Bootstrapping Spring Data JPA repositories in DEFAULT mode.
2024-10-18T08:54:02.089-05:00  INFO 15600 --- [SysAlmacenFX] [JavaFX-Launcher] .s.d.r.c.RepositoryConfigurationDelegate : Finished Spring Data repository scanning in 276 ms. Found 15 JPA repository interfaces.
2024-10-18T08:54:03.194-05:00  INFO 15600 --- [SysAlmacenFX] [JavaFX-Launcher] o.hibernate.jpa.internal.util.LogHelper  : HHH000204: Processing PersistenceUnitInfo [name: default]
2024-10-18T08:54:03.305-05:00  INFO 15600 --- [SysAlmacenFX] [JavaFX-Launcher] org.hibernate.Version                    : HHH000412: Hibernate ORM core version 6.5.3.Final
2024-10-18T08:54:03.354-05:00  INFO 15600 --- [SysAlmacenFX] [JavaFX-Launcher] o.h.c.internal.RegionFactoryInitiator    : HHH000026: Second-level cache disabled
2024-10-18T08:54:04.230-05:00  INFO 15600 --- [SysAlmacenFX] [JavaFX-Launcher] o.s.o.j.p.SpringPersistenceUnitInfo      : No LoadTimeWeaver setup: ignoring JPA class transformer
2024-10-18T08:54:04.295-05:00  INFO 15600 --- [SysAlmacenFX] [JavaFX-Launcher] com.zaxxer.hikari.HikariDataSource       : HikariPool-1 - Starting...
2024-10-18T08:54:04.686-05:00  INFO 15600 --- [SysAlmacenFX] [JavaFX-Launcher] com.zaxxer.hikari.pool.HikariPool        : HikariPool-1 - Added connection org.sqlite.jdbc4.JDBC4Connection@4f150a5f
2024-10-18T08:54:04.697-05:00  INFO 15600 --- [SysAlmacenFX] [JavaFX-Launcher] com.zaxxer.hikari.HikariDataSource       : HikariPool-1 - Start completed.
2024-10-18T08:54:06.993-05:00  INFO 15600 --- [SysAlmacenFX] [JavaFX-Launcher] o.h.e.t.j.p.i.JtaPlatformInitiator       : HHH000489: No JTA platform available (set 'hibernate.transaction.jta.platform' to enable JTA platform integration)
2024-10-18T08:54:07.047-05:00  INFO 15600 --- [SysAlmacenFX] [JavaFX-Launcher] j.LocalContainerEntityManagerFactoryBean : Initialized JPA EntityManagerFactory for persistence unit 'default'
2024-10-18T08:54:07.899-05:00  INFO 15600 --- [SysAlmacenFX] [JavaFX-Launcher] o.s.boot.SpringApplication               : Started application in 10.461 seconds (process running for 12.978)
2024-10-18T08:54:07.950-05:00  INFO 15600 --- [SysAlmacenFX] [SpringApplicationShutdownHook] j.LocalContainerEntityManagerFactoryBean : Closing JPA EntityManagerFactory for persistence unit 'default'
2024-10-18T08:54:07.953-05:00  INFO 15600 --- [SysAlmacenFX] [SpringApplicationShutdownHook] com.zaxxer.hikari.HikariDataSource       : HikariPool-1 - Shutdown initiated...
2024-10-18T08:54:07.956-05:00  INFO 15600 --- [SysAlmacenFX] [SpringApplicationShutdownHook] com.zaxxer.hikari.HikariDataSource       : HikariPool-1 - Shutdown completed.
2024-10-18T08:55:16.081-05:00  INFO 15404 --- [SysAlmacenFX] [JavaFX-Launcher] o.s.boot.SpringApplication               : Starting application using Java 18.0.1.1 with PID 15404 (started by PC-Laboratorio in D:\POO\DESARROLLO\POO2024C2G1\SysAlmacenFX)
2024-10-18T08:55:16.083-05:00  INFO 15404 --- [SysAlmacenFX] [JavaFX-Launcher] o.s.boot.SpringApplication               : No active profile set, falling back to 1 default profile: "default"
2024-10-18T08:55:17.239-05:00  INFO 15404 --- [SysAlmacenFX] [JavaFX-Launcher] .s.d.r.c.RepositoryConfigurationDelegate : Bootstrapping Spring Data JPA repositories in DEFAULT mode.
2024-10-18T08:55:17.485-05:00  INFO 15404 --- [SysAlmacenFX] [JavaFX-Launcher] .s.d.r.c.RepositoryConfigurationDelegate : Finished Spring Data repository scanning in 236 ms. Found 15 JPA repository interfaces.
2024-10-18T08:55:18.367-05:00  INFO 15404 --- [SysAlmacenFX] [JavaFX-Launcher] o.hibernate.jpa.internal.util.LogHelper  : HHH000204: Processing PersistenceUnitInfo [name: default]
2024-10-18T08:55:18.480-05:00  INFO 15404 --- [SysAlmacenFX] [JavaFX-Launcher] org.hibernate.Version                    : HHH000412: Hibernate ORM core version 6.5.3.Final
2024-10-18T08:55:18.569-05:00  INFO 15404 --- [SysAlmacenFX] [JavaFX-Launcher] o.h.c.internal.RegionFactoryInitiator    : HHH000026: Second-level cache disabled
2024-10-18T08:55:18.970-05:00  INFO 15404 --- [SysAlmacenFX] [JavaFX-Launcher] o.s.o.j.p.SpringPersistenceUnitInfo      : No LoadTimeWeaver setup: ignoring JPA class transformer
2024-10-18T08:55:19.031-05:00  INFO 15404 --- [SysAlmacenFX] [JavaFX-Launcher] com.zaxxer.hikari.HikariDataSource       : HikariPool-1 - Starting...
2024-10-18T08:55:19.379-05:00  INFO 15404 --- [SysAlmacenFX] [JavaFX-Launcher] com.zaxxer.hikari.pool.HikariPool        : HikariPool-1 - Added connection org.sqlite.jdbc4.JDBC4Connection@6dd6f310
2024-10-18T08:55:19.384-05:00  INFO 15404 --- [SysAlmacenFX] [JavaFX-Launcher] com.zaxxer.hikari.HikariDataSource       : HikariPool-1 - Start completed.
2024-10-18T08:55:21.155-05:00  INFO 15404 --- [SysAlmacenFX] [JavaFX-Launcher] o.h.e.t.j.p.i.JtaPlatformInitiator       : HHH000489: No JTA platform available (set 'hibernate.transaction.jta.platform' to enable JTA platform integration)
2024-10-18T08:55:21.197-05:00  INFO 15404 --- [SysAlmacenFX] [JavaFX-Launcher] j.LocalContainerEntityManagerFactoryBean : Initialized JPA EntityManagerFactory for persistence unit 'default'
2024-10-18T08:55:21.801-05:00  INFO 15404 --- [SysAlmacenFX] [JavaFX-Launcher] o.s.boot.SpringApplication               : Started application in 6.775 seconds (process running for 8.161)
2024-10-18T08:55:39.197-05:00  INFO 15404 --- [SysAlmacenFX] [SpringApplicationShutdownHook] j.LocalContainerEntityManagerFactoryBean : Closing JPA EntityManagerFactory for persistence unit 'default'
2024-10-18T08:55:39.202-05:00  INFO 15404 --- [SysAlmacenFX] [SpringApplicationShutdownHook] com.zaxxer.hikari.HikariDataSource       : HikariPool-1 - Shutdown initiated...
2024-10-18T08:55:39.207-05:00  INFO 15404 --- [SysAlmacenFX] [SpringApplicationShutdownHook] com.zaxxer.hikari.HikariDataSource       : HikariPool-1 - Shutdown completed.
2024-10-18T09:56:06.899-05:00  INFO 15316 --- [SysAlmacenFX] [JavaFX-Launcher] o.s.boot.SpringApplication               : Starting application using Java 18.0.1.1 with PID 15316 (started by PC-Laboratorio in D:\POO\DESARROLLO\POO2024C2G1\SysAlmacenFX)
2024-10-18T09:56:06.903-05:00  INFO 15316 --- [SysAlmacenFX] [JavaFX-Launcher] o.s.boot.SpringApplication               : No active profile set, falling back to 1 default profile: "default"
2024-10-18T09:56:07.869-05:00  INFO 15316 --- [SysAlmacenFX] [JavaFX-Launcher] .s.d.r.c.RepositoryConfigurationDelegate : Bootstrapping Spring Data JPA repositories in DEFAULT mode.
2024-10-18T09:56:07.961-05:00  INFO 15316 --- [SysAlmacenFX] [JavaFX-Launcher] .s.d.r.c.RepositoryConfigurationDelegate : Finished Spring Data repository scanning in 86 ms. Found 15 JPA repository interfaces.
2024-10-18T09:56:08.584-05:00  INFO 15316 --- [SysAlmacenFX] [JavaFX-Launcher] o.hibernate.jpa.internal.util.LogHelper  : HHH000204: Processing PersistenceUnitInfo [name: default]
2024-10-18T09:56:08.651-05:00  INFO 15316 --- [SysAlmacenFX] [JavaFX-Launcher] org.hibernate.Version                    : HHH000412: Hibernate ORM core version 6.5.3.Final
2024-10-18T09:56:08.691-05:00  INFO 15316 --- [SysAlmacenFX] [JavaFX-Launcher] o.h.c.internal.RegionFactoryInitiator    : HHH000026: Second-level cache disabled
2024-10-18T09:56:09.082-05:00  INFO 15316 --- [SysAlmacenFX] [JavaFX-Launcher] o.s.o.j.p.SpringPersistenceUnitInfo      : No LoadTimeWeaver setup: ignoring JPA class transformer
2024-10-18T09:56:09.143-05:00  INFO 15316 --- [SysAlmacenFX] [JavaFX-Launcher] com.zaxxer.hikari.HikariDataSource       : HikariPool-1 - Starting...
2024-10-18T09:56:09.407-05:00  INFO 15316 --- [SysAlmacenFX] [JavaFX-Launcher] com.zaxxer.hikari.pool.HikariPool        : HikariPool-1 - Added connection org.sqlite.jdbc4.JDBC4Connection@3c3cf211
2024-10-18T09:56:09.409-05:00  INFO 15316 --- [SysAlmacenFX] [JavaFX-Launcher] com.zaxxer.hikari.HikariDataSource       : HikariPool-1 - Start completed.
2024-10-18T09:56:10.816-05:00  INFO 15316 --- [SysAlmacenFX] [JavaFX-Launcher] o.h.e.t.j.p.i.JtaPlatformInitiator       : HHH000489: No JTA platform available (set 'hibernate.transaction.jta.platform' to enable JTA platform integration)
2024-10-18T09:56:10.857-05:00  INFO 15316 --- [SysAlmacenFX] [JavaFX-Launcher] j.LocalContainerEntityManagerFactoryBean : Initialized JPA EntityManagerFactory for persistence unit 'default'
2024-10-18T09:56:11.678-05:00  INFO 15316 --- [SysAlmacenFX] [JavaFX-Launcher] o.s.boot.SpringApplication               : Started application in 5.587 seconds (process running for 6.574)
2024-10-18T09:58:56.069-05:00  INFO 15316 --- [SysAlmacenFX] [JavaFX Application Thread] j.LocalContainerEntityManagerFactoryBean : Closing JPA EntityManagerFactory for persistence unit 'default'
2024-10-18T09:58:56.070-05:00  INFO 15316 --- [SysAlmacenFX] [JavaFX Application Thread] com.zaxxer.hikari.HikariDataSource       : HikariPool-1 - Shutdown initiated...
2024-10-18T09:58:56.073-05:00  INFO 15316 --- [SysAlmacenFX] [JavaFX Application Thread] com.zaxxer.hikari.HikariDataSource       : HikariPool-1 - Shutdown completed.
2024-10-18T10:19:15.510-05:00  INFO 12100 --- [SysAlmacenFX] [JavaFX-Launcher] o.s.boot.SpringApplication               : Starting application using Java 18.0.1.1 with PID 12100 (started by PC-Laboratorio in D:\POO\DESARROLLO\POO2024C2G1\SysAlmacenFX)
2024-10-18T10:19:15.517-05:00  INFO 12100 --- [SysAlmacenFX] [JavaFX-Launcher] o.s.boot.SpringApplication               : No active profile set, falling back to 1 default profile: "default"
2024-10-18T10:19:16.713-05:00  INFO 12100 --- [SysAlmacenFX] [JavaFX-Launcher] .s.d.r.c.RepositoryConfigurationDelegate : Bootstrapping Spring Data JPA repositories in DEFAULT mode.
2024-10-18T10:19:16.877-05:00  INFO 12100 --- [SysAlmacenFX] [JavaFX-Launcher] .s.d.r.c.RepositoryConfigurationDelegate : Finished Spring Data repository scanning in 156 ms. Found 15 JPA repository interfaces.
2024-10-18T10:19:17.691-05:00  INFO 12100 --- [SysAlmacenFX] [JavaFX-Launcher] o.hibernate.jpa.internal.util.LogHelper  : HHH000204: Processing PersistenceUnitInfo [name: default]
2024-10-18T10:19:17.772-05:00  INFO 12100 --- [SysAlmacenFX] [JavaFX-Launcher] org.hibernate.Version                    : HHH000412: Hibernate ORM core version 6.5.3.Final
2024-10-18T10:19:17.798-05:00  INFO 12100 --- [SysAlmacenFX] [JavaFX-Launcher] o.h.c.internal.RegionFactoryInitiator    : HHH000026: Second-level cache disabled
2024-10-18T10:19:18.262-05:00  INFO 12100 --- [SysAlmacenFX] [JavaFX-Launcher] o.s.o.j.p.SpringPersistenceUnitInfo      : No LoadTimeWeaver setup: ignoring JPA class transformer
2024-10-18T10:19:18.300-05:00  INFO 12100 --- [SysAlmacenFX] [JavaFX-Launcher] com.zaxxer.hikari.HikariDataSource       : HikariPool-1 - Starting...
2024-10-18T10:19:18.501-05:00  INFO 12100 --- [SysAlmacenFX] [JavaFX-Launcher] com.zaxxer.hikari.pool.HikariPool        : HikariPool-1 - Added connection org.sqlite.jdbc4.JDBC4Connection@646579b8
2024-10-18T10:19:18.503-05:00  INFO 12100 --- [SysAlmacenFX] [JavaFX-Launcher] com.zaxxer.hikari.HikariDataSource       : HikariPool-1 - Start completed.
2024-10-18T10:19:20.159-05:00  INFO 12100 --- [SysAlmacenFX] [JavaFX-Launcher] o.h.e.t.j.p.i.JtaPlatformInitiator       : HHH000489: No JTA platform available (set 'hibernate.transaction.jta.platform' to enable JTA platform integration)
2024-10-18T10:19:20.202-05:00  INFO 12100 --- [SysAlmacenFX] [JavaFX-Launcher] j.LocalContainerEntityManagerFactoryBean : Initialized JPA EntityManagerFactory for persistence unit 'default'
2024-10-18T10:19:21.052-05:00  INFO 12100 --- [SysAlmacenFX] [JavaFX-Launcher] o.s.boot.SpringApplication               : Started application in 6.677 seconds (process running for 7.85)
2024-10-18T10:25:55.050-05:00  INFO 12100 --- [SysAlmacenFX] [SpringApplicationShutdownHook] j.LocalContainerEntityManagerFactoryBean : Closing JPA EntityManagerFactory for persistence unit 'default'
2024-10-18T10:25:55.054-05:00  INFO 12100 --- [SysAlmacenFX] [SpringApplicationShutdownHook] com.zaxxer.hikari.HikariDataSource       : HikariPool-1 - Shutdown initiated...
2024-10-18T10:25:55.063-05:00  INFO 12100 --- [SysAlmacenFX] [SpringApplicationShutdownHook] com.zaxxer.hikari.HikariDataSource       : HikariPool-1 - Shutdown completed.
2024-10-18T10:26:03.490-05:00  INFO 8936 --- [SysAlmacenFX] [JavaFX-Launcher] o.s.boot.SpringApplication               : Starting application using Java 18.0.1.1 with PID 8936 (started by PC-Laboratorio in D:\POO\DESARROLLO\POO2024C2G1\SysAlmacenFX)
2024-10-18T10:26:03.495-05:00  INFO 8936 --- [SysAlmacenFX] [JavaFX-Launcher] o.s.boot.SpringApplication               : No active profile set, falling back to 1 default profile: "default"
2024-10-18T10:26:04.232-05:00  INFO 8936 --- [SysAlmacenFX] [JavaFX-Launcher] .s.d.r.c.RepositoryConfigurationDelegate : Bootstrapping Spring Data JPA repositories in DEFAULT mode.
2024-10-18T10:26:04.360-05:00  INFO 8936 --- [SysAlmacenFX] [JavaFX-Launcher] .s.d.r.c.RepositoryConfigurationDelegate : Finished Spring Data repository scanning in 115 ms. Found 15 JPA repository interfaces.
2024-10-18T10:26:05.115-05:00  INFO 8936 --- [SysAlmacenFX] [JavaFX-Launcher] o.hibernate.jpa.internal.util.LogHelper  : HHH000204: Processing PersistenceUnitInfo [name: default]
2024-10-18T10:26:05.186-05:00  INFO 8936 --- [SysAlmacenFX] [JavaFX-Launcher] org.hibernate.Version                    : HHH000412: Hibernate ORM core version 6.5.3.Final
2024-10-18T10:26:05.222-05:00  INFO 8936 --- [SysAlmacenFX] [JavaFX-Launcher] o.h.c.internal.RegionFactoryInitiator    : HHH000026: Second-level cache disabled
2024-10-18T10:26:05.580-05:00  INFO 8936 --- [SysAlmacenFX] [JavaFX-Launcher] o.s.o.j.p.SpringPersistenceUnitInfo      : No LoadTimeWeaver setup: ignoring JPA class transformer
2024-10-18T10:26:05.615-05:00  INFO 8936 --- [SysAlmacenFX] [JavaFX-Launcher] com.zaxxer.hikari.HikariDataSource       : HikariPool-1 - Starting...
2024-10-18T10:26:05.788-05:00  INFO 8936 --- [SysAlmacenFX] [JavaFX-Launcher] com.zaxxer.hikari.pool.HikariPool        : HikariPool-1 - Added connection org.sqlite.jdbc4.JDBC4Connection@470fe33
2024-10-18T10:26:05.796-05:00  INFO 8936 --- [SysAlmacenFX] [JavaFX-Launcher] com.zaxxer.hikari.HikariDataSource       : HikariPool-1 - Start completed.
2024-10-18T10:26:07.740-05:00  INFO 8936 --- [SysAlmacenFX] [JavaFX-Launcher] o.h.e.t.j.p.i.JtaPlatformInitiator       : HHH000489: No JTA platform available (set 'hibernate.transaction.jta.platform' to enable JTA platform integration)
2024-10-18T10:26:07.797-05:00  INFO 8936 --- [SysAlmacenFX] [JavaFX-Launcher] j.LocalContainerEntityManagerFactoryBean : Initialized JPA EntityManagerFactory for persistence unit 'default'
2024-10-18T10:26:09.311-05:00  INFO 8936 --- [SysAlmacenFX] [JavaFX-Launcher] o.s.boot.SpringApplication               : Started application in 6.643 seconds (process running for 7.663)
2024-10-18T10:26:49.268-05:00  INFO 8936 --- [SysAlmacenFX] [SpringApplicationShutdownHook] j.LocalContainerEntityManagerFactoryBean : Closing JPA EntityManagerFactory for persistence unit 'default'
2024-10-18T10:26:49.272-05:00  INFO 8936 --- [SysAlmacenFX] [SpringApplicationShutdownHook] com.zaxxer.hikari.HikariDataSource       : HikariPool-1 - Shutdown initiated...
2024-10-18T10:26:49.278-05:00  INFO 8936 --- [SysAlmacenFX] [SpringApplicationShutdownHook] com.zaxxer.hikari.HikariDataSource       : HikariPool-1 - Shutdown completed.
2024-10-18T10:26:56.087-05:00  INFO 10076 --- [SysAlmacenFX] [JavaFX-Launcher] o.s.boot.SpringApplication               : Starting application using Java 18.0.1.1 with PID 10076 (started by PC-Laboratorio in D:\POO\DESARROLLO\POO2024C2G1\SysAlmacenFX)
2024-10-18T10:26:56.092-05:00  INFO 10076 --- [SysAlmacenFX] [JavaFX-Launcher] o.s.boot.SpringApplication               : No active profile set, falling back to 1 default profile: "default"
2024-10-18T10:26:57.476-05:00  INFO 10076 --- [SysAlmacenFX] [JavaFX-Launcher] .s.d.r.c.RepositoryConfigurationDelegate : Bootstrapping Spring Data JPA repositories in DEFAULT mode.
2024-10-18T10:26:57.632-05:00  INFO 10076 --- [SysAlmacenFX] [JavaFX-Launcher] .s.d.r.c.RepositoryConfigurationDelegate : Finished Spring Data repository scanning in 146 ms. Found 15 JPA repository interfaces.
2024-10-18T10:26:58.449-05:00  INFO 10076 --- [SysAlmacenFX] [JavaFX-Launcher] o.hibernate.jpa.internal.util.LogHelper  : HHH000204: Processing PersistenceUnitInfo [name: default]
2024-10-18T10:26:58.508-05:00  INFO 10076 --- [SysAlmacenFX] [JavaFX-Launcher] org.hibernate.Version                    : HHH000412: Hibernate ORM core version 6.5.3.Final
2024-10-18T10:26:58.563-05:00  INFO 10076 --- [SysAlmacenFX] [JavaFX-Launcher] o.h.c.internal.RegionFactoryInitiator    : HHH000026: Second-level cache disabled
2024-10-18T10:26:58.972-05:00  INFO 10076 --- [SysAlmacenFX] [JavaFX-Launcher] o.s.o.j.p.SpringPersistenceUnitInfo      : No LoadTimeWeaver setup: ignoring JPA class transformer
2024-10-18T10:26:59.047-05:00  INFO 10076 --- [SysAlmacenFX] [JavaFX-Launcher] com.zaxxer.hikari.HikariDataSource       : HikariPool-1 - Starting...
2024-10-18T10:26:59.323-05:00  INFO 10076 --- [SysAlmacenFX] [JavaFX-Launcher] com.zaxxer.hikari.pool.HikariPool        : HikariPool-1 - Added connection org.sqlite.jdbc4.JDBC4Connection@2bbb0cba
2024-10-18T10:26:59.330-05:00  INFO 10076 --- [SysAlmacenFX] [JavaFX-Launcher] com.zaxxer.hikari.HikariDataSource       : HikariPool-1 - Start completed.
2024-10-18T10:27:01.135-05:00  INFO 10076 --- [SysAlmacenFX] [JavaFX-Launcher] o.h.e.t.j.p.i.JtaPlatformInitiator       : HHH000489: No JTA platform available (set 'hibernate.transaction.jta.platform' to enable JTA platform integration)
2024-10-18T10:27:01.187-05:00  INFO 10076 --- [SysAlmacenFX] [JavaFX-Launcher] j.LocalContainerEntityManagerFactoryBean : Initialized JPA EntityManagerFactory for persistence unit 'default'
2024-10-18T10:27:02.428-05:00  INFO 10076 --- [SysAlmacenFX] [JavaFX-Launcher] o.s.boot.SpringApplication               : Started application in 7.552 seconds (process running for 8.538)
2024-10-18T10:27:14.648-05:00  INFO 10076 --- [SysAlmacenFX] [SpringApplicationShutdownHook] j.LocalContainerEntityManagerFactoryBean : Closing JPA EntityManagerFactory for persistence unit 'default'
2024-10-18T10:27:14.652-05:00  INFO 10076 --- [SysAlmacenFX] [SpringApplicationShutdownHook] com.zaxxer.hikari.HikariDataSource       : HikariPool-1 - Shutdown initiated...
2024-10-18T10:27:14.657-05:00  INFO 10076 --- [SysAlmacenFX] [SpringApplicationShutdownHook] com.zaxxer.hikari.HikariDataSource       : HikariPool-1 - Shutdown completed.
2024-10-18T10:27:22.677-05:00  INFO 428 --- [SysAlmacenFX] [JavaFX-Launcher] o.s.boot.SpringApplication               : Starting application using Java 18.0.1.1 with PID 428 (started by PC-Laboratorio in D:\POO\DESARROLLO\POO2024C2G1\SysAlmacenFX)
2024-10-18T10:27:22.683-05:00  INFO 428 --- [SysAlmacenFX] [JavaFX-Launcher] o.s.boot.SpringApplication               : No active profile set, falling back to 1 default profile: "default"
2024-10-18T10:27:23.846-05:00  INFO 428 --- [SysAlmacenFX] [JavaFX-Launcher] .s.d.r.c.RepositoryConfigurationDelegate : Bootstrapping Spring Data JPA repositories in DEFAULT mode.
2024-10-18T10:27:24.003-05:00  INFO 428 --- [SysAlmacenFX] [JavaFX-Launcher] .s.d.r.c.RepositoryConfigurationDelegate : Finished Spring Data repository scanning in 142 ms. Found 15 JPA repository interfaces.
2024-10-18T10:27:24.751-05:00  INFO 428 --- [SysAlmacenFX] [JavaFX-Launcher] o.hibernate.jpa.internal.util.LogHelper  : HHH000204: Processing PersistenceUnitInfo [name: default]
2024-10-18T10:27:24.837-05:00  INFO 428 --- [SysAlmacenFX] [JavaFX-Launcher] org.hibernate.Version                    : HHH000412: Hibernate ORM core version 6.5.3.Final
2024-10-18T10:27:24.888-05:00  INFO 428 --- [SysAlmacenFX] [JavaFX-Launcher] o.h.c.internal.RegionFactoryInitiator    : HHH000026: Second-level cache disabled
2024-10-18T10:27:25.449-05:00  INFO 428 --- [SysAlmacenFX] [JavaFX-Launcher] o.s.o.j.p.SpringPersistenceUnitInfo      : No LoadTimeWeaver setup: ignoring JPA class transformer
2024-10-18T10:27:25.488-05:00  INFO 428 --- [SysAlmacenFX] [JavaFX-Launcher] com.zaxxer.hikari.HikariDataSource       : HikariPool-1 - Starting...
2024-10-18T10:27:25.671-05:00  INFO 428 --- [SysAlmacenFX] [JavaFX-Launcher] com.zaxxer.hikari.pool.HikariPool        : HikariPool-1 - Added connection org.sqlite.jdbc4.JDBC4Connection@27d8c7de
2024-10-18T10:27:25.674-05:00  INFO 428 --- [SysAlmacenFX] [JavaFX-Launcher] com.zaxxer.hikari.HikariDataSource       : HikariPool-1 - Start completed.
2024-10-18T10:27:27.402-05:00  INFO 428 --- [SysAlmacenFX] [JavaFX-Launcher] o.h.e.t.j.p.i.JtaPlatformInitiator       : HHH000489: No JTA platform available (set 'hibernate.transaction.jta.platform' to enable JTA platform integration)
2024-10-18T10:27:27.442-05:00  INFO 428 --- [SysAlmacenFX] [JavaFX-Launcher] j.LocalContainerEntityManagerFactoryBean : Initialized JPA EntityManagerFactory for persistence unit 'default'
2024-10-18T10:27:28.430-05:00  INFO 428 --- [SysAlmacenFX] [JavaFX-Launcher] o.s.boot.SpringApplication               : Started application in 6.959 seconds (process running for 8.242)
2024-10-18T10:28:04.878-05:00  INFO 428 --- [SysAlmacenFX] [SpringApplicationShutdownHook] j.LocalContainerEntityManagerFactoryBean : Closing JPA EntityManagerFactory for persistence unit 'default'
2024-10-18T10:28:04.881-05:00  INFO 428 --- [SysAlmacenFX] [SpringApplicationShutdownHook] com.zaxxer.hikari.HikariDataSource       : HikariPool-1 - Shutdown initiated...
2024-10-18T10:28:04.883-05:00  INFO 428 --- [SysAlmacenFX] [SpringApplicationShutdownHook] com.zaxxer.hikari.HikariDataSource       : HikariPool-1 - Shutdown completed.
2024-10-18T10:28:10.479-05:00  INFO 15780 --- [SysAlmacenFX] [JavaFX-Launcher] o.s.boot.SpringApplication               : Starting application using Java 18.0.1.1 with PID 15780 (started by PC-Laboratorio in D:\POO\DESARROLLO\POO2024C2G1\SysAlmacenFX)
2024-10-18T10:28:10.485-05:00  INFO 15780 --- [SysAlmacenFX] [JavaFX-Launcher] o.s.boot.SpringApplication               : No active profile set, falling back to 1 default profile: "default"
2024-10-18T10:28:11.325-05:00  INFO 15780 --- [SysAlmacenFX] [JavaFX-Launcher] .s.d.r.c.RepositoryConfigurationDelegate : Bootstrapping Spring Data JPA repositories in DEFAULT mode.
2024-10-18T10:28:11.427-05:00  INFO 15780 --- [SysAlmacenFX] [JavaFX-Launcher] .s.d.r.c.RepositoryConfigurationDelegate : Finished Spring Data repository scanning in 96 ms. Found 15 JPA repository interfaces.
2024-10-18T10:28:12.089-05:00  INFO 15780 --- [SysAlmacenFX] [JavaFX-Launcher] o.hibernate.jpa.internal.util.LogHelper  : HHH000204: Processing PersistenceUnitInfo [name: default]
2024-10-18T10:28:12.158-05:00  INFO 15780 --- [SysAlmacenFX] [JavaFX-Launcher] org.hibernate.Version                    : HHH000412: Hibernate ORM core version 6.5.3.Final
2024-10-18T10:28:12.198-05:00  INFO 15780 --- [SysAlmacenFX] [JavaFX-Launcher] o.h.c.internal.RegionFactoryInitiator    : HHH000026: Second-level cache disabled
2024-10-18T10:28:12.585-05:00  INFO 15780 --- [SysAlmacenFX] [JavaFX-Launcher] o.s.o.j.p.SpringPersistenceUnitInfo      : No LoadTimeWeaver setup: ignoring JPA class transformer
2024-10-18T10:28:12.632-05:00  INFO 15780 --- [SysAlmacenFX] [JavaFX-Launcher] com.zaxxer.hikari.HikariDataSource       : HikariPool-1 - Starting...
2024-10-18T10:28:12.806-05:00  INFO 15780 --- [SysAlmacenFX] [JavaFX-Launcher] com.zaxxer.hikari.pool.HikariPool        : HikariPool-1 - Added connection org.sqlite.jdbc4.JDBC4Connection@2f22028c
2024-10-18T10:28:12.808-05:00  INFO 15780 --- [SysAlmacenFX] [JavaFX-Launcher] com.zaxxer.hikari.HikariDataSource       : HikariPool-1 - Start completed.
2024-10-18T10:28:14.240-05:00  INFO 15780 --- [SysAlmacenFX] [JavaFX-Launcher] o.h.e.t.j.p.i.JtaPlatformInitiator       : HHH000489: No JTA platform available (set 'hibernate.transaction.jta.platform' to enable JTA platform integration)
2024-10-18T10:28:14.285-05:00  INFO 15780 --- [SysAlmacenFX] [JavaFX-Launcher] j.LocalContainerEntityManagerFactoryBean : Initialized JPA EntityManagerFactory for persistence unit 'default'
2024-10-18T10:28:15.149-05:00  INFO 15780 --- [SysAlmacenFX] [JavaFX-Launcher] o.s.boot.SpringApplication               : Started application in 5.443 seconds (process running for 6.395)
2024-10-18T10:28:45.096-05:00  INFO 15780 --- [SysAlmacenFX] [JavaFX Application Thread] j.LocalContainerEntityManagerFactoryBean : Closing JPA EntityManagerFactory for persistence unit 'default'
2024-10-18T10:28:45.098-05:00  INFO 15780 --- [SysAlmacenFX] [JavaFX Application Thread] com.zaxxer.hikari.HikariDataSource       : HikariPool-1 - Shutdown initiated...
2024-10-18T10:28:45.107-05:00  INFO 15780 --- [SysAlmacenFX] [JavaFX Application Thread] com.zaxxer.hikari.HikariDataSource       : HikariPool-1 - Shutdown completed.
2024-10-18T10:28:52.648-05:00  INFO 13712 --- [SysAlmacenFX] [JavaFX-Launcher] o.s.boot.SpringApplication               : Starting application using Java 18.0.1.1 with PID 13712 (started by PC-Laboratorio in D:\POO\DESARROLLO\POO2024C2G1\SysAlmacenFX)
2024-10-18T10:28:52.651-05:00  INFO 13712 --- [SysAlmacenFX] [JavaFX-Launcher] o.s.boot.SpringApplication               : No active profile set, falling back to 1 default profile: "default"
2024-10-18T10:28:53.418-05:00  INFO 13712 --- [SysAlmacenFX] [JavaFX-Launcher] .s.d.r.c.RepositoryConfigurationDelegate : Bootstrapping Spring Data JPA repositories in DEFAULT mode.
2024-10-18T10:28:53.507-05:00  INFO 13712 --- [SysAlmacenFX] [JavaFX-Launcher] .s.d.r.c.RepositoryConfigurationDelegate : Finished Spring Data repository scanning in 85 ms. Found 15 JPA repository interfaces.
2024-10-18T10:28:54.122-05:00  INFO 13712 --- [SysAlmacenFX] [JavaFX-Launcher] o.hibernate.jpa.internal.util.LogHelper  : HHH000204: Processing PersistenceUnitInfo [name: default]
2024-10-18T10:28:54.186-05:00  INFO 13712 --- [SysAlmacenFX] [JavaFX-Launcher] org.hibernate.Version                    : HHH000412: Hibernate ORM core version 6.5.3.Final
2024-10-18T10:28:54.217-05:00  INFO 13712 --- [SysAlmacenFX] [JavaFX-Launcher] o.h.c.internal.RegionFactoryInitiator    : HHH000026: Second-level cache disabled
2024-10-18T10:28:54.610-05:00  INFO 13712 --- [SysAlmacenFX] [JavaFX-Launcher] o.s.o.j.p.SpringPersistenceUnitInfo      : No LoadTimeWeaver setup: ignoring JPA class transformer
2024-10-18T10:28:54.655-05:00  INFO 13712 --- [SysAlmacenFX] [JavaFX-Launcher] com.zaxxer.hikari.HikariDataSource       : HikariPool-1 - Starting...
2024-10-18T10:28:54.846-05:00  INFO 13712 --- [SysAlmacenFX] [JavaFX-Launcher] com.zaxxer.hikari.pool.HikariPool        : HikariPool-1 - Added connection org.sqlite.jdbc4.JDBC4Connection@3b98cd46
2024-10-18T10:28:54.847-05:00  INFO 13712 --- [SysAlmacenFX] [JavaFX-Launcher] com.zaxxer.hikari.HikariDataSource       : HikariPool-1 - Start completed.
2024-10-18T10:28:56.238-05:00  INFO 13712 --- [SysAlmacenFX] [JavaFX-Launcher] o.h.e.t.j.p.i.JtaPlatformInitiator       : HHH000489: No JTA platform available (set 'hibernate.transaction.jta.platform' to enable JTA platform integration)
2024-10-18T10:28:56.292-05:00  INFO 13712 --- [SysAlmacenFX] [JavaFX-Launcher] j.LocalContainerEntityManagerFactoryBean : Initialized JPA EntityManagerFactory for persistence unit 'default'
2024-10-18T10:28:57.137-05:00  INFO 13712 --- [SysAlmacenFX] [JavaFX-Launcher] o.s.boot.SpringApplication               : Started application in 5.27 seconds (process running for 6.229)
2024-10-18T11:13:08.579-05:00  INFO 13712 --- [SysAlmacenFX] [JavaFX Application Thread] j.LocalContainerEntityManagerFactoryBean : Closing JPA EntityManagerFactory for persistence unit 'default'
2024-10-18T11:13:08.582-05:00  INFO 13712 --- [SysAlmacenFX] [JavaFX Application Thread] com.zaxxer.hikari.HikariDataSource       : HikariPool-1 - Shutdown initiated...
2024-10-18T11:13:08.585-05:00  INFO 13712 --- [SysAlmacenFX] [JavaFX Application Thread] com.zaxxer.hikari.HikariDataSource       : HikariPool-1 - Shutdown completed.
2024-10-22T09:35:11.941-05:00  INFO 7280 --- [SysAlmacenFX] [JavaFX-Launcher] o.s.boot.SpringApplication               : Starting application using Java 17.0.10 with PID 7280 (started by Datos in D:\POO\DESARROLLO\POO2024C2G1\SysAlmacenFX)
2024-10-22T09:35:11.943-05:00  INFO 7280 --- [SysAlmacenFX] [JavaFX-Launcher] o.s.boot.SpringApplication               : No active profile set, falling back to 1 default profile: "default"
2024-10-22T09:35:12.386-05:00  INFO 7280 --- [SysAlmacenFX] [JavaFX-Launcher] .s.d.r.c.RepositoryConfigurationDelegate : Bootstrapping Spring Data JPA repositories in DEFAULT mode.
2024-10-22T09:35:12.445-05:00  INFO 7280 --- [SysAlmacenFX] [JavaFX-Launcher] .s.d.r.c.RepositoryConfigurationDelegate : Finished Spring Data repository scanning in 54 ms. Found 15 JPA repository interfaces.
2024-10-22T09:35:12.736-05:00  INFO 7280 --- [SysAlmacenFX] [JavaFX-Launcher] o.hibernate.jpa.internal.util.LogHelper  : HHH000204: Processing PersistenceUnitInfo [name: default]
2024-10-22T09:35:12.772-05:00  INFO 7280 --- [SysAlmacenFX] [JavaFX-Launcher] org.hibernate.Version                    : HHH000412: Hibernate ORM core version 6.5.3.Final
2024-10-22T09:35:12.791-05:00  INFO 7280 --- [SysAlmacenFX] [JavaFX-Launcher] o.h.c.internal.RegionFactoryInitiator    : HHH000026: Second-level cache disabled
2024-10-22T09:35:13.016-05:00  INFO 7280 --- [SysAlmacenFX] [JavaFX-Launcher] o.s.o.j.p.SpringPersistenceUnitInfo      : No LoadTimeWeaver setup: ignoring JPA class transformer
2024-10-22T09:35:13.048-05:00  INFO 7280 --- [SysAlmacenFX] [JavaFX-Launcher] com.zaxxer.hikari.HikariDataSource       : HikariPool-1 - Starting...
2024-10-22T09:35:13.129-05:00  INFO 7280 --- [SysAlmacenFX] [JavaFX-Launcher] com.zaxxer.hikari.pool.HikariPool        : HikariPool-1 - Added connection org.sqlite.jdbc4.JDBC4Connection@6cff77f2
2024-10-22T09:35:13.130-05:00  INFO 7280 --- [SysAlmacenFX] [JavaFX-Launcher] com.zaxxer.hikari.HikariDataSource       : HikariPool-1 - Start completed.
2024-10-22T09:35:13.949-05:00  INFO 7280 --- [SysAlmacenFX] [JavaFX-Launcher] o.h.e.t.j.p.i.JtaPlatformInitiator       : HHH000489: No JTA platform available (set 'hibernate.transaction.jta.platform' to enable JTA platform integration)
2024-10-22T09:35:13.974-05:00  INFO 7280 --- [SysAlmacenFX] [JavaFX-Launcher] j.LocalContainerEntityManagerFactoryBean : Initialized JPA EntityManagerFactory for persistence unit 'default'
2024-10-22T09:35:14.350-05:00  INFO 7280 --- [SysAlmacenFX] [JavaFX-Launcher] o.s.boot.SpringApplication               : Started application in 2.778 seconds (process running for 3.26)
2024-10-22T09:41:43.812-05:00  INFO 7280 --- [SysAlmacenFX] [SpringApplicationShutdownHook] j.LocalContainerEntityManagerFactoryBean : Closing JPA EntityManagerFactory for persistence unit 'default'
2024-10-22T09:41:43.817-05:00  INFO 7280 --- [SysAlmacenFX] [SpringApplicationShutdownHook] com.zaxxer.hikari.HikariDataSource       : HikariPool-1 - Shutdown initiated...
2024-10-22T09:41:43.820-05:00  INFO 7280 --- [SysAlmacenFX] [SpringApplicationShutdownHook] com.zaxxer.hikari.HikariDataSource       : HikariPool-1 - Shutdown completed.
2024-10-22T10:24:01.368-05:00  INFO 17632 --- [SysAlmacenFX] [JavaFX-Launcher] o.s.boot.SpringApplication               : Starting application using Java 17.0.10 with PID 17632 (started by Datos in D:\POO\DESARROLLO\POO2024C2G1\SysAlmacenFX)
2024-10-22T10:24:01.370-05:00  INFO 17632 --- [SysAlmacenFX] [JavaFX-Launcher] o.s.boot.SpringApplication               : No active profile set, falling back to 1 default profile: "default"
2024-10-22T10:24:01.812-05:00  INFO 17632 --- [SysAlmacenFX] [JavaFX-Launcher] .s.d.r.c.RepositoryConfigurationDelegate : Bootstrapping Spring Data JPA repositories in DEFAULT mode.
2024-10-22T10:24:01.879-05:00  INFO 17632 --- [SysAlmacenFX] [JavaFX-Launcher] .s.d.r.c.RepositoryConfigurationDelegate : Finished Spring Data repository scanning in 63 ms. Found 15 JPA repository interfaces.
2024-10-22T10:24:02.210-05:00  INFO 17632 --- [SysAlmacenFX] [JavaFX-Launcher] o.hibernate.jpa.internal.util.LogHelper  : HHH000204: Processing PersistenceUnitInfo [name: default]
2024-10-22T10:24:02.257-05:00  INFO 17632 --- [SysAlmacenFX] [JavaFX-Launcher] org.hibernate.Version                    : HHH000412: Hibernate ORM core version 6.5.3.Final
2024-10-22T10:24:02.282-05:00  INFO 17632 --- [SysAlmacenFX] [JavaFX-Launcher] o.h.c.internal.RegionFactoryInitiator    : HHH000026: Second-level cache disabled
2024-10-22T10:24:02.500-05:00  INFO 17632 --- [SysAlmacenFX] [JavaFX-Launcher] o.s.o.j.p.SpringPersistenceUnitInfo      : No LoadTimeWeaver setup: ignoring JPA class transformer
2024-10-22T10:24:02.537-05:00  INFO 17632 --- [SysAlmacenFX] [JavaFX-Launcher] com.zaxxer.hikari.HikariDataSource       : HikariPool-1 - Starting...
2024-10-22T10:24:02.616-05:00  INFO 17632 --- [SysAlmacenFX] [JavaFX-Launcher] com.zaxxer.hikari.pool.HikariPool        : HikariPool-1 - Added connection org.sqlite.jdbc4.JDBC4Connection@69f1116b
2024-10-22T10:24:02.617-05:00  INFO 17632 --- [SysAlmacenFX] [JavaFX-Launcher] com.zaxxer.hikari.HikariDataSource       : HikariPool-1 - Start completed.
2024-10-22T10:24:03.500-05:00  INFO 17632 --- [SysAlmacenFX] [JavaFX-Launcher] o.h.e.t.j.p.i.JtaPlatformInitiator       : HHH000489: No JTA platform available (set 'hibernate.transaction.jta.platform' to enable JTA platform integration)
2024-10-22T10:24:03.527-05:00  INFO 17632 --- [SysAlmacenFX] [JavaFX-Launcher] j.LocalContainerEntityManagerFactoryBean : Initialized JPA EntityManagerFactory for persistence unit 'default'
2024-10-22T10:24:04.051-05:00  INFO 17632 --- [SysAlmacenFX] [JavaFX-Launcher] o.s.boot.SpringApplication               : Started application in 3.042 seconds (process running for 3.526)
2024-10-22T10:48:49.237-05:00  INFO 17632 --- [SysAlmacenFX] [JavaFX Application Thread] j.LocalContainerEntityManagerFactoryBean : Closing JPA EntityManagerFactory for persistence unit 'default'
2024-10-22T10:48:49.241-05:00  INFO 17632 --- [SysAlmacenFX] [JavaFX Application Thread] com.zaxxer.hikari.HikariDataSource       : HikariPool-1 - Shutdown initiated...
2024-10-22T10:48:49.244-05:00  INFO 17632 --- [SysAlmacenFX] [JavaFX Application Thread] com.zaxxer.hikari.HikariDataSource       : HikariPool-1 - Shutdown completed.
2024-10-22T10:48:53.528-05:00  INFO 15312 --- [SysAlmacenFX] [JavaFX-Launcher] o.s.boot.SpringApplication               : Starting application using Java 17.0.10 with PID 15312 (started by Datos in D:\POO\DESARROLLO\POO2024C2G1\SysAlmacenFX)
2024-10-22T10:48:53.530-05:00  INFO 15312 --- [SysAlmacenFX] [JavaFX-Launcher] o.s.boot.SpringApplication               : No active profile set, falling back to 1 default profile: "default"
2024-10-22T10:48:54.015-05:00  INFO 15312 --- [SysAlmacenFX] [JavaFX-Launcher] .s.d.r.c.RepositoryConfigurationDelegate : Bootstrapping Spring Data JPA repositories in DEFAULT mode.
2024-10-22T10:48:54.076-05:00  INFO 15312 --- [SysAlmacenFX] [JavaFX-Launcher] .s.d.r.c.RepositoryConfigurationDelegate : Finished Spring Data repository scanning in 57 ms. Found 15 JPA repository interfaces.
2024-10-22T10:48:54.382-05:00  INFO 15312 --- [SysAlmacenFX] [JavaFX-Launcher] o.hibernate.jpa.internal.util.LogHelper  : HHH000204: Processing PersistenceUnitInfo [name: default]
2024-10-22T10:48:54.417-05:00  INFO 15312 --- [SysAlmacenFX] [JavaFX-Launcher] org.hibernate.Version                    : HHH000412: Hibernate ORM core version 6.5.3.Final
2024-10-22T10:48:54.435-05:00  INFO 15312 --- [SysAlmacenFX] [JavaFX-Launcher] o.h.c.internal.RegionFactoryInitiator    : HHH000026: Second-level cache disabled
2024-10-22T10:48:54.638-05:00  INFO 15312 --- [SysAlmacenFX] [JavaFX-Launcher] o.s.o.j.p.SpringPersistenceUnitInfo      : No LoadTimeWeaver setup: ignoring JPA class transformer
2024-10-22T10:48:54.668-05:00  INFO 15312 --- [SysAlmacenFX] [JavaFX-Launcher] com.zaxxer.hikari.HikariDataSource       : HikariPool-1 - Starting...
2024-10-22T10:48:54.760-05:00  INFO 15312 --- [SysAlmacenFX] [JavaFX-Launcher] com.zaxxer.hikari.pool.HikariPool        : HikariPool-1 - Added connection org.sqlite.jdbc4.JDBC4Connection@1b7f5b2f
2024-10-22T10:48:54.761-05:00  INFO 15312 --- [SysAlmacenFX] [JavaFX-Launcher] com.zaxxer.hikari.HikariDataSource       : HikariPool-1 - Start completed.
2024-10-22T10:48:55.580-05:00  INFO 15312 --- [SysAlmacenFX] [JavaFX-Launcher] o.h.e.t.j.p.i.JtaPlatformInitiator       : HHH000489: No JTA platform available (set 'hibernate.transaction.jta.platform' to enable JTA platform integration)
2024-10-22T10:48:55.601-05:00  INFO 15312 --- [SysAlmacenFX] [JavaFX-Launcher] j.LocalContainerEntityManagerFactoryBean : Initialized JPA EntityManagerFactory for persistence unit 'default'
2024-10-22T10:48:56.099-05:00  INFO 15312 --- [SysAlmacenFX] [JavaFX-Launcher] o.s.boot.SpringApplication               : Started application in 2.941 seconds (process running for 3.491)
2024-10-22T10:51:56.090-05:00  INFO 15312 --- [SysAlmacenFX] [SpringApplicationShutdownHook] j.LocalContainerEntityManagerFactoryBean : Closing JPA EntityManagerFactory for persistence unit 'default'
2024-10-22T10:51:56.096-05:00  INFO 15312 --- [SysAlmacenFX] [SpringApplicationShutdownHook] com.zaxxer.hikari.HikariDataSource       : HikariPool-1 - Shutdown initiated...
2024-10-22T10:51:56.100-05:00  INFO 15312 --- [SysAlmacenFX] [SpringApplicationShutdownHook] com.zaxxer.hikari.HikariDataSource       : HikariPool-1 - Shutdown completed.
2024-10-22T10:52:00.744-05:00  INFO 15844 --- [SysAlmacenFX] [JavaFX-Launcher] o.s.boot.SpringApplication               : Starting application using Java 17.0.10 with PID 15844 (started by Datos in D:\POO\DESARROLLO\POO2024C2G1\SysAlmacenFX)
2024-10-22T10:52:00.746-05:00  INFO 15844 --- [SysAlmacenFX] [JavaFX-Launcher] o.s.boot.SpringApplication               : No active profile set, falling back to 1 default profile: "default"
2024-10-22T10:52:01.192-05:00  INFO 15844 --- [SysAlmacenFX] [JavaFX-Launcher] .s.d.r.c.RepositoryConfigurationDelegate : Bootstrapping Spring Data JPA repositories in DEFAULT mode.
2024-10-22T10:52:01.252-05:00  INFO 15844 --- [SysAlmacenFX] [JavaFX-Launcher] .s.d.r.c.RepositoryConfigurationDelegate : Finished Spring Data repository scanning in 56 ms. Found 15 JPA repository interfaces.
2024-10-22T10:52:01.554-05:00  INFO 15844 --- [SysAlmacenFX] [JavaFX-Launcher] o.hibernate.jpa.internal.util.LogHelper  : HHH000204: Processing PersistenceUnitInfo [name: default]
2024-10-22T10:52:01.586-05:00  INFO 15844 --- [SysAlmacenFX] [JavaFX-Launcher] org.hibernate.Version                    : HHH000412: Hibernate ORM core version 6.5.3.Final
2024-10-22T10:52:01.604-05:00  INFO 15844 --- [SysAlmacenFX] [JavaFX-Launcher] o.h.c.internal.RegionFactoryInitiator    : HHH000026: Second-level cache disabled
2024-10-22T10:52:01.804-05:00  INFO 15844 --- [SysAlmacenFX] [JavaFX-Launcher] o.s.o.j.p.SpringPersistenceUnitInfo      : No LoadTimeWeaver setup: ignoring JPA class transformer
2024-10-22T10:52:01.830-05:00  INFO 15844 --- [SysAlmacenFX] [JavaFX-Launcher] com.zaxxer.hikari.HikariDataSource       : HikariPool-1 - Starting...
2024-10-22T10:52:01.915-05:00  INFO 15844 --- [SysAlmacenFX] [JavaFX-Launcher] com.zaxxer.hikari.pool.HikariPool        : HikariPool-1 - Added connection org.sqlite.jdbc4.JDBC4Connection@5119c363
2024-10-22T10:52:01.916-05:00  INFO 15844 --- [SysAlmacenFX] [JavaFX-Launcher] com.zaxxer.hikari.HikariDataSource       : HikariPool-1 - Start completed.
2024-10-22T10:52:02.743-05:00  INFO 15844 --- [SysAlmacenFX] [JavaFX-Launcher] o.h.e.t.j.p.i.JtaPlatformInitiator       : HHH000489: No JTA platform available (set 'hibernate.transaction.jta.platform' to enable JTA platform integration)
2024-10-22T10:52:02.765-05:00  INFO 15844 --- [SysAlmacenFX] [JavaFX-Launcher] j.LocalContainerEntityManagerFactoryBean : Initialized JPA EntityManagerFactory for persistence unit 'default'
2024-10-22T10:52:03.247-05:00  INFO 15844 --- [SysAlmacenFX] [JavaFX-Launcher] o.s.boot.SpringApplication               : Started application in 2.842 seconds (process running for 3.306)
2024-10-22T10:52:49.082-05:00  INFO 15844 --- [SysAlmacenFX] [SpringApplicationShutdownHook] j.LocalContainerEntityManagerFactoryBean : Closing JPA EntityManagerFactory for persistence unit 'default'
2024-10-22T10:52:49.084-05:00  INFO 15844 --- [SysAlmacenFX] [SpringApplicationShutdownHook] com.zaxxer.hikari.HikariDataSource       : HikariPool-1 - Shutdown initiated...
2024-10-22T10:52:49.086-05:00  INFO 15844 --- [SysAlmacenFX] [SpringApplicationShutdownHook] com.zaxxer.hikari.HikariDataSource       : HikariPool-1 - Shutdown completed.
2024-10-22T10:52:53.337-05:00  INFO 29684 --- [SysAlmacenFX] [JavaFX-Launcher] o.s.boot.SpringApplication               : Starting application using Java 17.0.10 with PID 29684 (started by Datos in D:\POO\DESARROLLO\POO2024C2G1\SysAlmacenFX)
2024-10-22T10:52:53.339-05:00  INFO 29684 --- [SysAlmacenFX] [JavaFX-Launcher] o.s.boot.SpringApplication               : No active profile set, falling back to 1 default profile: "default"
2024-10-22T10:52:53.779-05:00  INFO 29684 --- [SysAlmacenFX] [JavaFX-Launcher] .s.d.r.c.RepositoryConfigurationDelegate : Bootstrapping Spring Data JPA repositories in DEFAULT mode.
2024-10-22T10:52:53.841-05:00  INFO 29684 --- [SysAlmacenFX] [JavaFX-Launcher] .s.d.r.c.RepositoryConfigurationDelegate : Finished Spring Data repository scanning in 57 ms. Found 15 JPA repository interfaces.
2024-10-22T10:52:54.153-05:00  INFO 29684 --- [SysAlmacenFX] [JavaFX-Launcher] o.hibernate.jpa.internal.util.LogHelper  : HHH000204: Processing PersistenceUnitInfo [name: default]
2024-10-22T10:52:54.189-05:00  INFO 29684 --- [SysAlmacenFX] [JavaFX-Launcher] org.hibernate.Version                    : HHH000412: Hibernate ORM core version 6.5.3.Final
2024-10-22T10:52:54.210-05:00  INFO 29684 --- [SysAlmacenFX] [JavaFX-Launcher] o.h.c.internal.RegionFactoryInitiator    : HHH000026: Second-level cache disabled
2024-10-22T10:52:54.416-05:00  INFO 29684 --- [SysAlmacenFX] [JavaFX-Launcher] o.s.o.j.p.SpringPersistenceUnitInfo      : No LoadTimeWeaver setup: ignoring JPA class transformer
2024-10-22T10:52:54.444-05:00  INFO 29684 --- [SysAlmacenFX] [JavaFX-Launcher] com.zaxxer.hikari.HikariDataSource       : HikariPool-1 - Starting...
2024-10-22T10:52:54.523-05:00  INFO 29684 --- [SysAlmacenFX] [JavaFX-Launcher] com.zaxxer.hikari.pool.HikariPool        : HikariPool-1 - Added connection org.sqlite.jdbc4.JDBC4Connection@73f35a87
2024-10-22T10:52:54.524-05:00  INFO 29684 --- [SysAlmacenFX] [JavaFX-Launcher] com.zaxxer.hikari.HikariDataSource       : HikariPool-1 - Start completed.
2024-10-22T10:52:55.284-05:00  INFO 29684 --- [SysAlmacenFX] [JavaFX-Launcher] o.h.e.t.j.p.i.JtaPlatformInitiator       : HHH000489: No JTA platform available (set 'hibernate.transaction.jta.platform' to enable JTA platform integration)
2024-10-22T10:52:55.307-05:00  INFO 29684 --- [SysAlmacenFX] [JavaFX-Launcher] j.LocalContainerEntityManagerFactoryBean : Initialized JPA EntityManagerFactory for persistence unit 'default'
2024-10-22T10:52:55.746-05:00  INFO 29684 --- [SysAlmacenFX] [JavaFX-Launcher] o.s.boot.SpringApplication               : Started application in 2.758 seconds (process running for 3.201)
2024-10-22T11:04:36.876-05:00  INFO 29684 --- [SysAlmacenFX] [JavaFX Application Thread] j.LocalContainerEntityManagerFactoryBean : Closing JPA EntityManagerFactory for persistence unit 'default'
2024-10-22T11:04:36.880-05:00  INFO 29684 --- [SysAlmacenFX] [JavaFX Application Thread] com.zaxxer.hikari.HikariDataSource       : HikariPool-1 - Shutdown initiated...
2024-10-22T11:04:36.883-05:00  INFO 29684 --- [SysAlmacenFX] [JavaFX Application Thread] com.zaxxer.hikari.HikariDataSource       : HikariPool-1 - Shutdown completed.
2024-10-25T09:40:35.839-05:00  INFO 16072 --- [SysAlmacenFX] [JavaFX-Launcher] o.s.boot.SpringApplication               : Starting application using Java 18.0.1.1 with PID 16072 (started by PC-Laboratorio in D:\POO\DESARROLLO\POO2024C2G1\SysAlmacenFX)
2024-10-25T09:40:35.842-05:00  INFO 16072 --- [SysAlmacenFX] [JavaFX-Launcher] o.s.boot.SpringApplication               : No active profile set, falling back to 1 default profile: "default"
2024-10-25T09:40:36.732-05:00  INFO 16072 --- [SysAlmacenFX] [JavaFX-Launcher] .s.d.r.c.RepositoryConfigurationDelegate : Bootstrapping Spring Data JPA repositories in DEFAULT mode.
2024-10-25T09:40:36.845-05:00  INFO 16072 --- [SysAlmacenFX] [JavaFX-Launcher] .s.d.r.c.RepositoryConfigurationDelegate : Finished Spring Data repository scanning in 105 ms. Found 15 JPA repository interfaces.
2024-10-25T09:40:37.698-05:00  INFO 16072 --- [SysAlmacenFX] [JavaFX-Launcher] o.hibernate.jpa.internal.util.LogHelper  : HHH000204: Processing PersistenceUnitInfo [name: default]
2024-10-25T09:40:37.762-05:00  INFO 16072 --- [SysAlmacenFX] [JavaFX-Launcher] org.hibernate.Version                    : HHH000412: Hibernate ORM core version 6.5.3.Final
2024-10-25T09:40:37.809-05:00  INFO 16072 --- [SysAlmacenFX] [JavaFX-Launcher] o.h.c.internal.RegionFactoryInitiator    : HHH000026: Second-level cache disabled
2024-10-25T09:40:38.220-05:00  INFO 16072 --- [SysAlmacenFX] [JavaFX-Launcher] o.s.o.j.p.SpringPersistenceUnitInfo      : No LoadTimeWeaver setup: ignoring JPA class transformer
2024-10-25T09:40:38.276-05:00  INFO 16072 --- [SysAlmacenFX] [JavaFX-Launcher] com.zaxxer.hikari.HikariDataSource       : HikariPool-1 - Starting...
2024-10-25T09:40:38.403-05:00  INFO 16072 --- [SysAlmacenFX] [JavaFX-Launcher] com.zaxxer.hikari.pool.HikariPool        : HikariPool-1 - Added connection org.sqlite.jdbc4.JDBC4Connection@67669f2
2024-10-25T09:40:38.404-05:00  INFO 16072 --- [SysAlmacenFX] [JavaFX-Launcher] com.zaxxer.hikari.HikariDataSource       : HikariPool-1 - Start completed.
2024-10-25T09:40:40.302-05:00  INFO 16072 --- [SysAlmacenFX] [JavaFX-Launcher] o.h.e.t.j.p.i.JtaPlatformInitiator       : HHH000489: No JTA platform available (set 'hibernate.transaction.jta.platform' to enable JTA platform integration)
2024-10-25T09:40:40.405-05:00  INFO 16072 --- [SysAlmacenFX] [JavaFX-Launcher] j.LocalContainerEntityManagerFactoryBean : Initialized JPA EntityManagerFactory for persistence unit 'default'
2024-10-25T09:40:41.180-05:00  INFO 16072 --- [SysAlmacenFX] [JavaFX-Launcher] o.s.d.j.r.query.QueryEnhancerFactory     : Hibernate is in classpath; If applicable, HQL parser will be used.
2024-10-25T09:40:41.738-05:00  INFO 16072 --- [SysAlmacenFX] [JavaFX-Launcher] o.s.boot.SpringApplication               : Started application in 6.788 seconds (process running for 8.283)
2024-10-25T09:43:07.763-05:00  INFO 16072 --- [SysAlmacenFX] [JavaFX Application Thread] j.LocalContainerEntityManagerFactoryBean : Closing JPA EntityManagerFactory for persistence unit 'default'
2024-10-25T09:43:07.765-05:00  INFO 16072 --- [SysAlmacenFX] [JavaFX Application Thread] com.zaxxer.hikari.HikariDataSource       : HikariPool-1 - Shutdown initiated...
2024-10-25T09:43:07.767-05:00  INFO 16072 --- [SysAlmacenFX] [JavaFX Application Thread] com.zaxxer.hikari.HikariDataSource       : HikariPool-1 - Shutdown completed.
2024-10-25T10:10:52.375-05:00  INFO 14136 --- [SysAlmacenFX] [JavaFX-Launcher] o.s.boot.SpringApplication               : Starting application using Java 18.0.1.1 with PID 14136 (started by PC-Laboratorio in D:\POO\DESARROLLO\POO2024C2G1\SysAlmacenFX)
2024-10-25T10:10:52.380-05:00  INFO 14136 --- [SysAlmacenFX] [JavaFX-Launcher] o.s.boot.SpringApplication               : No active profile set, falling back to 1 default profile: "default"
2024-10-25T10:10:53.164-05:00  INFO 14136 --- [SysAlmacenFX] [JavaFX-Launcher] .s.d.r.c.RepositoryConfigurationDelegate : Bootstrapping Spring Data JPA repositories in DEFAULT mode.
2024-10-25T10:10:53.272-05:00  INFO 14136 --- [SysAlmacenFX] [JavaFX-Launcher] .s.d.r.c.RepositoryConfigurationDelegate : Finished Spring Data repository scanning in 100 ms. Found 15 JPA repository interfaces.
2024-10-25T10:10:53.862-05:00  INFO 14136 --- [SysAlmacenFX] [JavaFX-Launcher] o.hibernate.jpa.internal.util.LogHelper  : HHH000204: Processing PersistenceUnitInfo [name: default]
2024-10-25T10:10:53.942-05:00  INFO 14136 --- [SysAlmacenFX] [JavaFX-Launcher] org.hibernate.Version                    : HHH000412: Hibernate ORM core version 6.5.3.Final
2024-10-25T10:10:53.995-05:00  INFO 14136 --- [SysAlmacenFX] [JavaFX-Launcher] o.h.c.internal.RegionFactoryInitiator    : HHH000026: Second-level cache disabled
2024-10-25T10:10:54.396-05:00  INFO 14136 --- [SysAlmacenFX] [JavaFX-Launcher] o.s.o.j.p.SpringPersistenceUnitInfo      : No LoadTimeWeaver setup: ignoring JPA class transformer
2024-10-25T10:10:54.441-05:00  INFO 14136 --- [SysAlmacenFX] [JavaFX-Launcher] com.zaxxer.hikari.HikariDataSource       : HikariPool-1 - Starting...
2024-10-25T10:10:54.560-05:00  INFO 14136 --- [SysAlmacenFX] [JavaFX-Launcher] com.zaxxer.hikari.pool.HikariPool        : HikariPool-1 - Added connection org.sqlite.jdbc4.JDBC4Connection@51648f16
2024-10-25T10:10:54.564-05:00  INFO 14136 --- [SysAlmacenFX] [JavaFX-Launcher] com.zaxxer.hikari.HikariDataSource       : HikariPool-1 - Start completed.
2024-10-25T10:10:56.223-05:00  INFO 14136 --- [SysAlmacenFX] [JavaFX-Launcher] o.h.e.t.j.p.i.JtaPlatformInitiator       : HHH000489: No JTA platform available (set 'hibernate.transaction.jta.platform' to enable JTA platform integration)
2024-10-25T10:10:56.275-05:00  INFO 14136 --- [SysAlmacenFX] [JavaFX-Launcher] j.LocalContainerEntityManagerFactoryBean : Initialized JPA EntityManagerFactory for persistence unit 'default'
2024-10-25T10:10:56.678-05:00  INFO 14136 --- [SysAlmacenFX] [JavaFX-Launcher] o.s.d.j.r.query.QueryEnhancerFactory     : Hibernate is in classpath; If applicable, HQL parser will be used.
2024-10-25T10:10:57.170-05:00  INFO 14136 --- [SysAlmacenFX] [JavaFX-Launcher] o.s.boot.SpringApplication               : Started application in 5.668 seconds (process running for 6.662)
2024-10-25T10:10:57.513-05:00  INFO 14136 --- [SysAlmacenFX] [SpringApplicationShutdownHook] j.LocalContainerEntityManagerFactoryBean : Closing JPA EntityManagerFactory for persistence unit 'default'
2024-10-25T10:10:57.517-05:00  INFO 14136 --- [SysAlmacenFX] [SpringApplicationShutdownHook] com.zaxxer.hikari.HikariDataSource       : HikariPool-1 - Shutdown initiated...
2024-10-25T10:10:57.520-05:00  INFO 14136 --- [SysAlmacenFX] [SpringApplicationShutdownHook] com.zaxxer.hikari.HikariDataSource       : HikariPool-1 - Shutdown completed.
2024-10-25T10:11:50.699-05:00  INFO 16208 --- [SysAlmacenFX] [JavaFX-Launcher] o.s.boot.SpringApplication               : Starting application using Java 18.0.1.1 with PID 16208 (started by PC-Laboratorio in D:\POO\DESARROLLO\POO2024C2G1\SysAlmacenFX)
2024-10-25T10:11:50.705-05:00  INFO 16208 --- [SysAlmacenFX] [JavaFX-Launcher] o.s.boot.SpringApplication               : No active profile set, falling back to 1 default profile: "default"
2024-10-25T10:11:51.540-05:00  INFO 16208 --- [SysAlmacenFX] [JavaFX-Launcher] .s.d.r.c.RepositoryConfigurationDelegate : Bootstrapping Spring Data JPA repositories in DEFAULT mode.
2024-10-25T10:11:51.655-05:00  INFO 16208 --- [SysAlmacenFX] [JavaFX-Launcher] .s.d.r.c.RepositoryConfigurationDelegate : Finished Spring Data repository scanning in 108 ms. Found 15 JPA repository interfaces.
2024-10-25T10:11:52.253-05:00  INFO 16208 --- [SysAlmacenFX] [JavaFX-Launcher] o.hibernate.jpa.internal.util.LogHelper  : HHH000204: Processing PersistenceUnitInfo [name: default]
2024-10-25T10:11:52.307-05:00  INFO 16208 --- [SysAlmacenFX] [JavaFX-Launcher] org.hibernate.Version                    : HHH000412: Hibernate ORM core version 6.5.3.Final
2024-10-25T10:11:52.333-05:00  INFO 16208 --- [SysAlmacenFX] [JavaFX-Launcher] o.h.c.internal.RegionFactoryInitiator    : HHH000026: Second-level cache disabled
2024-10-25T10:11:52.719-05:00  INFO 16208 --- [SysAlmacenFX] [JavaFX-Launcher] o.s.o.j.p.SpringPersistenceUnitInfo      : No LoadTimeWeaver setup: ignoring JPA class transformer
2024-10-25T10:11:52.765-05:00  INFO 16208 --- [SysAlmacenFX] [JavaFX-Launcher] com.zaxxer.hikari.HikariDataSource       : HikariPool-1 - Starting...
2024-10-25T10:11:52.882-05:00  INFO 16208 --- [SysAlmacenFX] [JavaFX-Launcher] com.zaxxer.hikari.pool.HikariPool        : HikariPool-1 - Added connection org.sqlite.jdbc4.JDBC4Connection@11ee16e7
2024-10-25T10:11:52.886-05:00  INFO 16208 --- [SysAlmacenFX] [JavaFX-Launcher] com.zaxxer.hikari.HikariDataSource       : HikariPool-1 - Start completed.
2024-10-25T10:11:54.560-05:00  INFO 16208 --- [SysAlmacenFX] [JavaFX-Launcher] o.h.e.t.j.p.i.JtaPlatformInitiator       : HHH000489: No JTA platform available (set 'hibernate.transaction.jta.platform' to enable JTA platform integration)
2024-10-25T10:11:54.607-05:00  INFO 16208 --- [SysAlmacenFX] [JavaFX-Launcher] j.LocalContainerEntityManagerFactoryBean : Initialized JPA EntityManagerFactory for persistence unit 'default'
2024-10-25T10:11:55.027-05:00  INFO 16208 --- [SysAlmacenFX] [JavaFX-Launcher] o.s.d.j.r.query.QueryEnhancerFactory     : Hibernate is in classpath; If applicable, HQL parser will be used.
2024-10-25T10:11:55.582-05:00  INFO 16208 --- [SysAlmacenFX] [JavaFX-Launcher] o.s.boot.SpringApplication               : Started application in 5.611 seconds (process running for 6.603)
2024-10-25T10:14:55.992-05:00  INFO 16208 --- [SysAlmacenFX] [SpringApplicationShutdownHook] j.LocalContainerEntityManagerFactoryBean : Closing JPA EntityManagerFactory for persistence unit 'default'
2024-10-25T10:14:55.999-05:00  INFO 16208 --- [SysAlmacenFX] [SpringApplicationShutdownHook] com.zaxxer.hikari.HikariDataSource       : HikariPool-1 - Shutdown initiated...
2024-10-25T10:14:56.005-05:00  INFO 16208 --- [SysAlmacenFX] [SpringApplicationShutdownHook] com.zaxxer.hikari.HikariDataSource       : HikariPool-1 - Shutdown completed.
2024-10-25T10:15:02.796-05:00  INFO 3124 --- [SysAlmacenFX] [JavaFX-Launcher] o.s.boot.SpringApplication               : Starting application using Java 18.0.1.1 with PID 3124 (started by PC-Laboratorio in D:\POO\DESARROLLO\POO2024C2G1\SysAlmacenFX)
2024-10-25T10:15:02.802-05:00  INFO 3124 --- [SysAlmacenFX] [JavaFX-Launcher] o.s.boot.SpringApplication               : No active profile set, falling back to 1 default profile: "default"
2024-10-25T10:15:03.639-05:00  INFO 3124 --- [SysAlmacenFX] [JavaFX-Launcher] .s.d.r.c.RepositoryConfigurationDelegate : Bootstrapping Spring Data JPA repositories in DEFAULT mode.
2024-10-25T10:15:03.742-05:00  INFO 3124 --- [SysAlmacenFX] [JavaFX-Launcher] .s.d.r.c.RepositoryConfigurationDelegate : Finished Spring Data repository scanning in 98 ms. Found 15 JPA repository interfaces.
2024-10-25T10:15:04.376-05:00  INFO 3124 --- [SysAlmacenFX] [JavaFX-Launcher] o.hibernate.jpa.internal.util.LogHelper  : HHH000204: Processing PersistenceUnitInfo [name: default]
2024-10-25T10:15:04.450-05:00  INFO 3124 --- [SysAlmacenFX] [JavaFX-Launcher] org.hibernate.Version                    : HHH000412: Hibernate ORM core version 6.5.3.Final
2024-10-25T10:15:04.492-05:00  INFO 3124 --- [SysAlmacenFX] [JavaFX-Launcher] o.h.c.internal.RegionFactoryInitiator    : HHH000026: Second-level cache disabled
2024-10-25T10:15:04.868-05:00  INFO 3124 --- [SysAlmacenFX] [JavaFX-Launcher] o.s.o.j.p.SpringPersistenceUnitInfo      : No LoadTimeWeaver setup: ignoring JPA class transformer
2024-10-25T10:15:04.935-05:00  INFO 3124 --- [SysAlmacenFX] [JavaFX-Launcher] com.zaxxer.hikari.HikariDataSource       : HikariPool-1 - Starting...
2024-10-25T10:15:05.074-05:00  INFO 3124 --- [SysAlmacenFX] [JavaFX-Launcher] com.zaxxer.hikari.pool.HikariPool        : HikariPool-1 - Added connection org.sqlite.jdbc4.JDBC4Connection@362e3bc2
2024-10-25T10:15:05.078-05:00  INFO 3124 --- [SysAlmacenFX] [JavaFX-Launcher] com.zaxxer.hikari.HikariDataSource       : HikariPool-1 - Start completed.
2024-10-25T10:15:06.535-05:00  INFO 3124 --- [SysAlmacenFX] [JavaFX-Launcher] o.h.e.t.j.p.i.JtaPlatformInitiator       : HHH000489: No JTA platform available (set 'hibernate.transaction.jta.platform' to enable JTA platform integration)
2024-10-25T10:15:06.590-05:00  INFO 3124 --- [SysAlmacenFX] [JavaFX-Launcher] j.LocalContainerEntityManagerFactoryBean : Initialized JPA EntityManagerFactory for persistence unit 'default'
2024-10-25T10:15:06.988-05:00  INFO 3124 --- [SysAlmacenFX] [JavaFX-Launcher] o.s.d.j.r.query.QueryEnhancerFactory     : Hibernate is in classpath; If applicable, HQL parser will be used.
2024-10-25T10:15:07.568-05:00  INFO 3124 --- [SysAlmacenFX] [JavaFX-Launcher] o.s.boot.SpringApplication               : Started application in 5.571 seconds (process running for 6.634)
2024-10-25T10:16:24.686-05:00  INFO 3124 --- [SysAlmacenFX] [SpringApplicationShutdownHook] j.LocalContainerEntityManagerFactoryBean : Closing JPA EntityManagerFactory for persistence unit 'default'
2024-10-25T10:16:24.690-05:00  INFO 3124 --- [SysAlmacenFX] [SpringApplicationShutdownHook] com.zaxxer.hikari.HikariDataSource       : HikariPool-1 - Shutdown initiated...
2024-10-25T10:16:24.696-05:00  INFO 3124 --- [SysAlmacenFX] [SpringApplicationShutdownHook] com.zaxxer.hikari.HikariDataSource       : HikariPool-1 - Shutdown completed.
2024-10-25T10:16:32.718-05:00  INFO 15652 --- [SysAlmacenFX] [JavaFX-Launcher] o.s.boot.SpringApplication               : Starting application using Java 18.0.1.1 with PID 15652 (started by PC-Laboratorio in D:\POO\DESARROLLO\POO2024C2G1\SysAlmacenFX)
2024-10-25T10:16:32.722-05:00  INFO 15652 --- [SysAlmacenFX] [JavaFX-Launcher] o.s.boot.SpringApplication               : No active profile set, falling back to 1 default profile: "default"
2024-10-25T10:16:33.662-05:00  INFO 15652 --- [SysAlmacenFX] [JavaFX-Launcher] .s.d.r.c.RepositoryConfigurationDelegate : Bootstrapping Spring Data JPA repositories in DEFAULT mode.
2024-10-25T10:16:33.778-05:00  INFO 15652 --- [SysAlmacenFX] [JavaFX-Launcher] .s.d.r.c.RepositoryConfigurationDelegate : Finished Spring Data repository scanning in 107 ms. Found 15 JPA repository interfaces.
2024-10-25T10:16:34.410-05:00  INFO 15652 --- [SysAlmacenFX] [JavaFX-Launcher] o.hibernate.jpa.internal.util.LogHelper  : HHH000204: Processing PersistenceUnitInfo [name: default]
2024-10-25T10:16:34.470-05:00  INFO 15652 --- [SysAlmacenFX] [JavaFX-Launcher] org.hibernate.Version                    : HHH000412: Hibernate ORM core version 6.5.3.Final
2024-10-25T10:16:34.505-05:00  INFO 15652 --- [SysAlmacenFX] [JavaFX-Launcher] o.h.c.internal.RegionFactoryInitiator    : HHH000026: Second-level cache disabled
2024-10-25T10:16:34.899-05:00  INFO 15652 --- [SysAlmacenFX] [JavaFX-Launcher] o.s.o.j.p.SpringPersistenceUnitInfo      : No LoadTimeWeaver setup: ignoring JPA class transformer
2024-10-25T10:16:34.943-05:00  INFO 15652 --- [SysAlmacenFX] [JavaFX-Launcher] com.zaxxer.hikari.HikariDataSource       : HikariPool-1 - Starting...
2024-10-25T10:16:35.063-05:00  INFO 15652 --- [SysAlmacenFX] [JavaFX-Launcher] com.zaxxer.hikari.pool.HikariPool        : HikariPool-1 - Added connection org.sqlite.jdbc4.JDBC4Connection@45b49b7d
2024-10-25T10:16:35.067-05:00  INFO 15652 --- [SysAlmacenFX] [JavaFX-Launcher] com.zaxxer.hikari.HikariDataSource       : HikariPool-1 - Start completed.
2024-10-25T10:16:36.761-05:00  INFO 15652 --- [SysAlmacenFX] [JavaFX-Launcher] o.h.e.t.j.p.i.JtaPlatformInitiator       : HHH000489: No JTA platform available (set 'hibernate.transaction.jta.platform' to enable JTA platform integration)
2024-10-25T10:16:36.807-05:00  INFO 15652 --- [SysAlmacenFX] [JavaFX-Launcher] j.LocalContainerEntityManagerFactoryBean : Initialized JPA EntityManagerFactory for persistence unit 'default'
2024-10-25T10:16:37.197-05:00  INFO 15652 --- [SysAlmacenFX] [JavaFX-Launcher] o.s.d.j.r.query.QueryEnhancerFactory     : Hibernate is in classpath; If applicable, HQL parser will be used.
2024-10-25T10:16:37.758-05:00  INFO 15652 --- [SysAlmacenFX] [JavaFX-Launcher] o.s.boot.SpringApplication               : Started application in 5.89 seconds (process running for 6.938)
2024-10-25T10:25:10.358-05:00  INFO 15652 --- [SysAlmacenFX] [SpringApplicationShutdownHook] j.LocalContainerEntityManagerFactoryBean : Closing JPA EntityManagerFactory for persistence unit 'default'
2024-10-25T10:25:10.362-05:00  INFO 15652 --- [SysAlmacenFX] [SpringApplicationShutdownHook] com.zaxxer.hikari.HikariDataSource       : HikariPool-1 - Shutdown initiated...
2024-10-25T10:25:10.366-05:00  INFO 15652 --- [SysAlmacenFX] [SpringApplicationShutdownHook] com.zaxxer.hikari.HikariDataSource       : HikariPool-1 - Shutdown completed.
2024-10-25T10:25:18.100-05:00  INFO 14044 --- [SysAlmacenFX] [JavaFX-Launcher] o.s.boot.SpringApplication               : Starting application using Java 18.0.1.1 with PID 14044 (started by PC-Laboratorio in D:\POO\DESARROLLO\POO2024C2G1\SysAlmacenFX)
2024-10-25T10:25:18.103-05:00  INFO 14044 --- [SysAlmacenFX] [JavaFX-Launcher] o.s.boot.SpringApplication               : No active profile set, falling back to 1 default profile: "default"
2024-10-25T10:25:18.919-05:00  INFO 14044 --- [SysAlmacenFX] [JavaFX-Launcher] .s.d.r.c.RepositoryConfigurationDelegate : Bootstrapping Spring Data JPA repositories in DEFAULT mode.
2024-10-25T10:25:19.035-05:00  INFO 14044 --- [SysAlmacenFX] [JavaFX-Launcher] .s.d.r.c.RepositoryConfigurationDelegate : Finished Spring Data repository scanning in 109 ms. Found 15 JPA repository interfaces.
2024-10-25T10:25:19.625-05:00  INFO 14044 --- [SysAlmacenFX] [JavaFX-Launcher] o.hibernate.jpa.internal.util.LogHelper  : HHH000204: Processing PersistenceUnitInfo [name: default]
2024-10-25T10:25:19.705-05:00  INFO 14044 --- [SysAlmacenFX] [JavaFX-Launcher] org.hibernate.Version                    : HHH000412: Hibernate ORM core version 6.5.3.Final
2024-10-25T10:25:19.758-05:00  INFO 14044 --- [SysAlmacenFX] [JavaFX-Launcher] o.h.c.internal.RegionFactoryInitiator    : HHH000026: Second-level cache disabled
2024-10-25T10:25:20.160-05:00  INFO 14044 --- [SysAlmacenFX] [JavaFX-Launcher] o.s.o.j.p.SpringPersistenceUnitInfo      : No LoadTimeWeaver setup: ignoring JPA class transformer
2024-10-25T10:25:20.230-05:00  INFO 14044 --- [SysAlmacenFX] [JavaFX-Launcher] com.zaxxer.hikari.HikariDataSource       : HikariPool-1 - Starting...
2024-10-25T10:25:20.349-05:00  INFO 14044 --- [SysAlmacenFX] [JavaFX-Launcher] com.zaxxer.hikari.pool.HikariPool        : HikariPool-1 - Added connection org.sqlite.jdbc4.JDBC4Connection@f8d167c
2024-10-25T10:25:20.352-05:00  INFO 14044 --- [SysAlmacenFX] [JavaFX-Launcher] com.zaxxer.hikari.HikariDataSource       : HikariPool-1 - Start completed.
2024-10-25T10:25:22.089-05:00  INFO 14044 --- [SysAlmacenFX] [JavaFX-Launcher] o.h.e.t.j.p.i.JtaPlatformInitiator       : HHH000489: No JTA platform available (set 'hibernate.transaction.jta.platform' to enable JTA platform integration)
2024-10-25T10:25:22.137-05:00  INFO 14044 --- [SysAlmacenFX] [JavaFX-Launcher] j.LocalContainerEntityManagerFactoryBean : Initialized JPA EntityManagerFactory for persistence unit 'default'
2024-10-25T10:25:22.658-05:00  INFO 14044 --- [SysAlmacenFX] [JavaFX-Launcher] o.s.d.j.r.query.QueryEnhancerFactory     : Hibernate is in classpath; If applicable, HQL parser will be used.
2024-10-25T10:25:23.329-05:00  INFO 14044 --- [SysAlmacenFX] [JavaFX-Launcher] o.s.boot.SpringApplication               : Started application in 5.991 seconds (process running for 7.074)
2024-10-25T10:25:45.720-05:00  INFO 14044 --- [SysAlmacenFX] [JavaFX Application Thread] j.LocalContainerEntityManagerFactoryBean : Closing JPA EntityManagerFactory for persistence unit 'default'
2024-10-25T10:25:45.722-05:00  INFO 14044 --- [SysAlmacenFX] [JavaFX Application Thread] com.zaxxer.hikari.HikariDataSource       : HikariPool-1 - Shutdown initiated...
2024-10-25T10:25:45.724-05:00  INFO 14044 --- [SysAlmacenFX] [JavaFX Application Thread] com.zaxxer.hikari.HikariDataSource       : HikariPool-1 - Shutdown completed.
2024-10-25T10:25:53.835-05:00  INFO 15804 --- [SysAlmacenFX] [JavaFX-Launcher] o.s.boot.SpringApplication               : Starting application using Java 18.0.1.1 with PID 15804 (started by PC-Laboratorio in D:\POO\DESARROLLO\POO2024C2G1\SysAlmacenFX)
2024-10-25T10:25:53.840-05:00  INFO 15804 --- [SysAlmacenFX] [JavaFX-Launcher] o.s.boot.SpringApplication               : No active profile set, falling back to 1 default profile: "default"
2024-10-25T10:25:54.685-05:00  INFO 15804 --- [SysAlmacenFX] [JavaFX-Launcher] .s.d.r.c.RepositoryConfigurationDelegate : Bootstrapping Spring Data JPA repositories in DEFAULT mode.
2024-10-25T10:25:54.812-05:00  INFO 15804 --- [SysAlmacenFX] [JavaFX-Launcher] .s.d.r.c.RepositoryConfigurationDelegate : Finished Spring Data repository scanning in 122 ms. Found 15 JPA repository interfaces.
2024-10-25T10:25:55.487-05:00  INFO 15804 --- [SysAlmacenFX] [JavaFX-Launcher] o.hibernate.jpa.internal.util.LogHelper  : HHH000204: Processing PersistenceUnitInfo [name: default]
2024-10-25T10:25:55.568-05:00  INFO 15804 --- [SysAlmacenFX] [JavaFX-Launcher] org.hibernate.Version                    : HHH000412: Hibernate ORM core version 6.5.3.Final
2024-10-25T10:25:55.615-05:00  INFO 15804 --- [SysAlmacenFX] [JavaFX-Launcher] o.h.c.internal.RegionFactoryInitiator    : HHH000026: Second-level cache disabled
2024-10-25T10:25:56.160-05:00  INFO 15804 --- [SysAlmacenFX] [JavaFX-Launcher] o.s.o.j.p.SpringPersistenceUnitInfo      : No LoadTimeWeaver setup: ignoring JPA class transformer
2024-10-25T10:25:56.261-05:00  INFO 15804 --- [SysAlmacenFX] [JavaFX-Launcher] com.zaxxer.hikari.HikariDataSource       : HikariPool-1 - Starting...
2024-10-25T10:25:56.486-05:00  INFO 15804 --- [SysAlmacenFX] [JavaFX-Launcher] com.zaxxer.hikari.pool.HikariPool        : HikariPool-1 - Added connection org.sqlite.jdbc4.JDBC4Connection@4dedb86e
2024-10-25T10:25:56.492-05:00  INFO 15804 --- [SysAlmacenFX] [JavaFX-Launcher] com.zaxxer.hikari.HikariDataSource       : HikariPool-1 - Start completed.
2024-10-25T10:25:58.401-05:00  INFO 15804 --- [SysAlmacenFX] [JavaFX-Launcher] o.h.e.t.j.p.i.JtaPlatformInitiator       : HHH000489: No JTA platform available (set 'hibernate.transaction.jta.platform' to enable JTA platform integration)
2024-10-25T10:25:58.444-05:00  INFO 15804 --- [SysAlmacenFX] [JavaFX-Launcher] j.LocalContainerEntityManagerFactoryBean : Initialized JPA EntityManagerFactory for persistence unit 'default'
2024-10-25T10:25:58.846-05:00  INFO 15804 --- [SysAlmacenFX] [JavaFX-Launcher] o.s.d.j.r.query.QueryEnhancerFactory     : Hibernate is in classpath; If applicable, HQL parser will be used.
2024-10-25T10:25:59.371-05:00  INFO 15804 --- [SysAlmacenFX] [JavaFX-Launcher] o.s.boot.SpringApplication               : Started application in 6.368 seconds (process running for 7.28)
2024-10-25T10:26:18.337-05:00  INFO 15804 --- [SysAlmacenFX] [JavaFX Application Thread] j.LocalContainerEntityManagerFactoryBean : Closing JPA EntityManagerFactory for persistence unit 'default'
2024-10-25T10:26:18.343-05:00  INFO 15804 --- [SysAlmacenFX] [JavaFX Application Thread] com.zaxxer.hikari.HikariDataSource       : HikariPool-1 - Shutdown initiated...
2024-10-25T10:26:18.346-05:00  INFO 15804 --- [SysAlmacenFX] [JavaFX Application Thread] com.zaxxer.hikari.HikariDataSource       : HikariPool-1 - Shutdown completed.
2024-10-25T10:27:17.829-05:00  INFO 2212 --- [SysAlmacenFX] [JavaFX-Launcher] o.s.boot.SpringApplication               : Starting application using Java 18.0.1.1 with PID 2212 (started by PC-Laboratorio in D:\POO\DESARROLLO\POO2024C2G1\SysAlmacenFX)
2024-10-25T10:27:17.832-05:00  INFO 2212 --- [SysAlmacenFX] [JavaFX-Launcher] o.s.boot.SpringApplication               : No active profile set, falling back to 1 default profile: "default"
2024-10-25T10:27:18.653-05:00  INFO 2212 --- [SysAlmacenFX] [JavaFX-Launcher] .s.d.r.c.RepositoryConfigurationDelegate : Bootstrapping Spring Data JPA repositories in DEFAULT mode.
2024-10-25T10:27:18.765-05:00  INFO 2212 --- [SysAlmacenFX] [JavaFX-Launcher] .s.d.r.c.RepositoryConfigurationDelegate : Finished Spring Data repository scanning in 106 ms. Found 15 JPA repository interfaces.
2024-10-25T10:27:19.377-05:00  INFO 2212 --- [SysAlmacenFX] [JavaFX-Launcher] o.hibernate.jpa.internal.util.LogHelper  : HHH000204: Processing PersistenceUnitInfo [name: default]
2024-10-25T10:27:19.438-05:00  INFO 2212 --- [SysAlmacenFX] [JavaFX-Launcher] org.hibernate.Version                    : HHH000412: Hibernate ORM core version 6.5.3.Final
2024-10-25T10:27:19.470-05:00  INFO 2212 --- [SysAlmacenFX] [JavaFX-Launcher] o.h.c.internal.RegionFactoryInitiator    : HHH000026: Second-level cache disabled
2024-10-25T10:27:19.839-05:00  INFO 2212 --- [SysAlmacenFX] [JavaFX-Launcher] o.s.o.j.p.SpringPersistenceUnitInfo      : No LoadTimeWeaver setup: ignoring JPA class transformer
2024-10-25T10:27:19.889-05:00  INFO 2212 --- [SysAlmacenFX] [JavaFX-Launcher] com.zaxxer.hikari.HikariDataSource       : HikariPool-1 - Starting...
2024-10-25T10:27:19.999-05:00  INFO 2212 --- [SysAlmacenFX] [JavaFX-Launcher] com.zaxxer.hikari.pool.HikariPool        : HikariPool-1 - Added connection org.sqlite.jdbc4.JDBC4Connection@3fad4ea5
2024-10-25T10:27:20.001-05:00  INFO 2212 --- [SysAlmacenFX] [JavaFX-Launcher] com.zaxxer.hikari.HikariDataSource       : HikariPool-1 - Start completed.
2024-10-25T10:27:21.527-05:00  INFO 2212 --- [SysAlmacenFX] [JavaFX-Launcher] o.h.e.t.j.p.i.JtaPlatformInitiator       : HHH000489: No JTA platform available (set 'hibernate.transaction.jta.platform' to enable JTA platform integration)
2024-10-25T10:27:21.577-05:00  INFO 2212 --- [SysAlmacenFX] [JavaFX-Launcher] j.LocalContainerEntityManagerFactoryBean : Initialized JPA EntityManagerFactory for persistence unit 'default'
2024-10-25T10:27:22.080-05:00  INFO 2212 --- [SysAlmacenFX] [JavaFX-Launcher] o.s.d.j.r.query.QueryEnhancerFactory     : Hibernate is in classpath; If applicable, HQL parser will be used.
2024-10-25T10:27:22.591-05:00  INFO 2212 --- [SysAlmacenFX] [JavaFX-Launcher] o.s.boot.SpringApplication               : Started application in 5.546 seconds (process running for 6.482)
2024-10-25T10:30:36.460-05:00  INFO 2212 --- [SysAlmacenFX] [SpringApplicationShutdownHook] j.LocalContainerEntityManagerFactoryBean : Closing JPA EntityManagerFactory for persistence unit 'default'
2024-10-25T10:30:36.464-05:00  INFO 2212 --- [SysAlmacenFX] [SpringApplicationShutdownHook] com.zaxxer.hikari.HikariDataSource       : HikariPool-1 - Shutdown initiated...
2024-10-25T10:30:36.470-05:00  INFO 2212 --- [SysAlmacenFX] [SpringApplicationShutdownHook] com.zaxxer.hikari.HikariDataSource       : HikariPool-1 - Shutdown completed.
2024-10-25T10:30:49.535-05:00  INFO 14240 --- [SysAlmacenFX] [JavaFX-Launcher] o.s.boot.SpringApplication               : Starting application using Java 18.0.1.1 with PID 14240 (started by PC-Laboratorio in D:\POO\DESARROLLO\POO2024C2G1\SysAlmacenFX)
2024-10-25T10:30:49.540-05:00  INFO 14240 --- [SysAlmacenFX] [JavaFX-Launcher] o.s.boot.SpringApplication               : No active profile set, falling back to 1 default profile: "default"
2024-10-25T10:30:50.394-05:00  INFO 14240 --- [SysAlmacenFX] [JavaFX-Launcher] .s.d.r.c.RepositoryConfigurationDelegate : Bootstrapping Spring Data JPA repositories in DEFAULT mode.
2024-10-25T10:30:50.515-05:00  INFO 14240 --- [SysAlmacenFX] [JavaFX-Launcher] .s.d.r.c.RepositoryConfigurationDelegate : Finished Spring Data repository scanning in 112 ms. Found 15 JPA repository interfaces.
2024-10-25T10:30:51.144-05:00  INFO 14240 --- [SysAlmacenFX] [JavaFX-Launcher] o.hibernate.jpa.internal.util.LogHelper  : HHH000204: Processing PersistenceUnitInfo [name: default]
2024-10-25T10:30:51.211-05:00  INFO 14240 --- [SysAlmacenFX] [JavaFX-Launcher] org.hibernate.Version                    : HHH000412: Hibernate ORM core version 6.5.3.Final
2024-10-25T10:30:51.240-05:00  INFO 14240 --- [SysAlmacenFX] [JavaFX-Launcher] o.h.c.internal.RegionFactoryInitiator    : HHH000026: Second-level cache disabled
2024-10-25T10:30:51.623-05:00  INFO 14240 --- [SysAlmacenFX] [JavaFX-Launcher] o.s.o.j.p.SpringPersistenceUnitInfo      : No LoadTimeWeaver setup: ignoring JPA class transformer
2024-10-25T10:30:51.671-05:00  INFO 14240 --- [SysAlmacenFX] [JavaFX-Launcher] com.zaxxer.hikari.HikariDataSource       : HikariPool-1 - Starting...
2024-10-25T10:30:51.776-05:00  INFO 14240 --- [SysAlmacenFX] [JavaFX-Launcher] com.zaxxer.hikari.pool.HikariPool        : HikariPool-1 - Added connection org.sqlite.jdbc4.JDBC4Connection@10fe0dc
2024-10-25T10:30:51.779-05:00  INFO 14240 --- [SysAlmacenFX] [JavaFX-Launcher] com.zaxxer.hikari.HikariDataSource       : HikariPool-1 - Start completed.
2024-10-25T10:30:53.320-05:00  INFO 14240 --- [SysAlmacenFX] [JavaFX-Launcher] o.h.e.t.j.p.i.JtaPlatformInitiator       : HHH000489: No JTA platform available (set 'hibernate.transaction.jta.platform' to enable JTA platform integration)
2024-10-25T10:30:53.370-05:00  INFO 14240 --- [SysAlmacenFX] [JavaFX-Launcher] j.LocalContainerEntityManagerFactoryBean : Initialized JPA EntityManagerFactory for persistence unit 'default'
2024-10-25T10:30:53.770-05:00  INFO 14240 --- [SysAlmacenFX] [JavaFX-Launcher] o.s.d.j.r.query.QueryEnhancerFactory     : Hibernate is in classpath; If applicable, HQL parser will be used.
2024-10-25T10:30:54.331-05:00  INFO 14240 --- [SysAlmacenFX] [JavaFX-Launcher] o.s.boot.SpringApplication               : Started application in 5.553 seconds (process running for 6.532)
2024-10-25T10:31:34.731-05:00  INFO 14240 --- [SysAlmacenFX] [SpringApplicationShutdownHook] j.LocalContainerEntityManagerFactoryBean : Closing JPA EntityManagerFactory for persistence unit 'default'
2024-10-25T10:31:34.736-05:00  INFO 14240 --- [SysAlmacenFX] [SpringApplicationShutdownHook] com.zaxxer.hikari.HikariDataSource       : HikariPool-1 - Shutdown initiated...
2024-10-25T10:31:34.742-05:00  INFO 14240 --- [SysAlmacenFX] [SpringApplicationShutdownHook] com.zaxxer.hikari.HikariDataSource       : HikariPool-1 - Shutdown completed.
2024-10-25T10:31:41.642-05:00  INFO 7476 --- [SysAlmacenFX] [JavaFX-Launcher] o.s.boot.SpringApplication               : Starting application using Java 18.0.1.1 with PID 7476 (started by PC-Laboratorio in D:\POO\DESARROLLO\POO2024C2G1\SysAlmacenFX)
2024-10-25T10:31:41.646-05:00  INFO 7476 --- [SysAlmacenFX] [JavaFX-Launcher] o.s.boot.SpringApplication               : No active profile set, falling back to 1 default profile: "default"
2024-10-25T10:31:42.490-05:00  INFO 7476 --- [SysAlmacenFX] [JavaFX-Launcher] .s.d.r.c.RepositoryConfigurationDelegate : Bootstrapping Spring Data JPA repositories in DEFAULT mode.
2024-10-25T10:31:42.619-05:00  INFO 7476 --- [SysAlmacenFX] [JavaFX-Launcher] .s.d.r.c.RepositoryConfigurationDelegate : Finished Spring Data repository scanning in 120 ms. Found 15 JPA repository interfaces.
2024-10-25T10:31:43.293-05:00  INFO 7476 --- [SysAlmacenFX] [JavaFX-Launcher] o.hibernate.jpa.internal.util.LogHelper  : HHH000204: Processing PersistenceUnitInfo [name: default]
2024-10-25T10:31:43.349-05:00  INFO 7476 --- [SysAlmacenFX] [JavaFX-Launcher] org.hibernate.Version                    : HHH000412: Hibernate ORM core version 6.5.3.Final
2024-10-25T10:31:43.401-05:00  INFO 7476 --- [SysAlmacenFX] [JavaFX-Launcher] o.h.c.internal.RegionFactoryInitiator    : HHH000026: Second-level cache disabled
2024-10-25T10:31:43.795-05:00  INFO 7476 --- [SysAlmacenFX] [JavaFX-Launcher] o.s.o.j.p.SpringPersistenceUnitInfo      : No LoadTimeWeaver setup: ignoring JPA class transformer
2024-10-25T10:31:43.836-05:00  INFO 7476 --- [SysAlmacenFX] [JavaFX-Launcher] com.zaxxer.hikari.HikariDataSource       : HikariPool-1 - Starting...
2024-10-25T10:31:43.947-05:00  INFO 7476 --- [SysAlmacenFX] [JavaFX-Launcher] com.zaxxer.hikari.pool.HikariPool        : HikariPool-1 - Added connection org.sqlite.jdbc4.JDBC4Connection@7b33a549
2024-10-25T10:31:43.950-05:00  INFO 7476 --- [SysAlmacenFX] [JavaFX-Launcher] com.zaxxer.hikari.HikariDataSource       : HikariPool-1 - Start completed.
2024-10-25T10:31:45.425-05:00  INFO 7476 --- [SysAlmacenFX] [JavaFX-Launcher] o.h.e.t.j.p.i.JtaPlatformInitiator       : HHH000489: No JTA platform available (set 'hibernate.transaction.jta.platform' to enable JTA platform integration)
2024-10-25T10:31:45.476-05:00  INFO 7476 --- [SysAlmacenFX] [JavaFX-Launcher] j.LocalContainerEntityManagerFactoryBean : Initialized JPA EntityManagerFactory for persistence unit 'default'
2024-10-25T10:31:45.807-05:00  INFO 7476 --- [SysAlmacenFX] [JavaFX-Launcher] o.s.d.j.r.query.QueryEnhancerFactory     : Hibernate is in classpath; If applicable, HQL parser will be used.
2024-10-25T10:31:46.255-05:00  INFO 7476 --- [SysAlmacenFX] [JavaFX-Launcher] o.s.boot.SpringApplication               : Started application in 5.425 seconds (process running for 6.353)
2024-10-25T10:37:40.677-05:00  INFO 7476 --- [SysAlmacenFX] [SpringApplicationShutdownHook] j.LocalContainerEntityManagerFactoryBean : Closing JPA EntityManagerFactory for persistence unit 'default'
2024-10-25T10:37:40.681-05:00  INFO 7476 --- [SysAlmacenFX] [SpringApplicationShutdownHook] com.zaxxer.hikari.HikariDataSource       : HikariPool-1 - Shutdown initiated...
2024-10-25T10:37:40.684-05:00  INFO 7476 --- [SysAlmacenFX] [SpringApplicationShutdownHook] com.zaxxer.hikari.HikariDataSource       : HikariPool-1 - Shutdown completed.
2024-10-25T10:37:48.133-05:00  INFO 16856 --- [SysAlmacenFX] [JavaFX-Launcher] o.s.boot.SpringApplication               : Starting application using Java 18.0.1.1 with PID 16856 (started by PC-Laboratorio in D:\POO\DESARROLLO\POO2024C2G1\SysAlmacenFX)
2024-10-25T10:37:48.138-05:00  INFO 16856 --- [SysAlmacenFX] [JavaFX-Launcher] o.s.boot.SpringApplication               : No active profile set, falling back to 1 default profile: "default"
2024-10-25T10:37:49.572-05:00  INFO 16856 --- [SysAlmacenFX] [JavaFX-Launcher] .s.d.r.c.RepositoryConfigurationDelegate : Bootstrapping Spring Data JPA repositories in DEFAULT mode.
2024-10-25T10:37:49.700-05:00  INFO 16856 --- [SysAlmacenFX] [JavaFX-Launcher] .s.d.r.c.RepositoryConfigurationDelegate : Finished Spring Data repository scanning in 112 ms. Found 15 JPA repository interfaces.
2024-10-25T10:37:50.331-05:00  INFO 16856 --- [SysAlmacenFX] [JavaFX-Launcher] o.hibernate.jpa.internal.util.LogHelper  : HHH000204: Processing PersistenceUnitInfo [name: default]
2024-10-25T10:37:50.422-05:00  INFO 16856 --- [SysAlmacenFX] [JavaFX-Launcher] org.hibernate.Version                    : HHH000412: Hibernate ORM core version 6.5.3.Final
2024-10-25T10:37:50.471-05:00  INFO 16856 --- [SysAlmacenFX] [JavaFX-Launcher] o.h.c.internal.RegionFactoryInitiator    : HHH000026: Second-level cache disabled
2024-10-25T10:37:50.900-05:00  INFO 16856 --- [SysAlmacenFX] [JavaFX-Launcher] o.s.o.j.p.SpringPersistenceUnitInfo      : No LoadTimeWeaver setup: ignoring JPA class transformer
2024-10-25T10:37:50.942-05:00  INFO 16856 --- [SysAlmacenFX] [JavaFX-Launcher] com.zaxxer.hikari.HikariDataSource       : HikariPool-1 - Starting...
2024-10-25T10:37:51.058-05:00  INFO 16856 --- [SysAlmacenFX] [JavaFX-Launcher] com.zaxxer.hikari.pool.HikariPool        : HikariPool-1 - Added connection org.sqlite.jdbc4.JDBC4Connection@3fad4ea5
2024-10-25T10:37:51.060-05:00  INFO 16856 --- [SysAlmacenFX] [JavaFX-Launcher] com.zaxxer.hikari.HikariDataSource       : HikariPool-1 - Start completed.
2024-10-25T10:37:53.393-05:00  INFO 16856 --- [SysAlmacenFX] [JavaFX-Launcher] o.h.e.t.j.p.i.JtaPlatformInitiator       : HHH000489: No JTA platform available (set 'hibernate.transaction.jta.platform' to enable JTA platform integration)
2024-10-25T10:37:53.450-05:00  INFO 16856 --- [SysAlmacenFX] [JavaFX-Launcher] j.LocalContainerEntityManagerFactoryBean : Initialized JPA EntityManagerFactory for persistence unit 'default'
2024-10-25T10:37:53.792-05:00  INFO 16856 --- [SysAlmacenFX] [JavaFX-Launcher] o.s.d.j.r.query.QueryEnhancerFactory     : Hibernate is in classpath; If applicable, HQL parser will be used.
2024-10-25T10:37:54.278-05:00  INFO 16856 --- [SysAlmacenFX] [JavaFX-Launcher] o.s.boot.SpringApplication               : Started application in 7.181 seconds (process running for 8.212)
2024-10-25T10:42:04.243-05:00  INFO 16856 --- [SysAlmacenFX] [SpringApplicationShutdownHook] j.LocalContainerEntityManagerFactoryBean : Closing JPA EntityManagerFactory for persistence unit 'default'
2024-10-25T10:42:04.247-05:00  INFO 16856 --- [SysAlmacenFX] [SpringApplicationShutdownHook] com.zaxxer.hikari.HikariDataSource       : HikariPool-1 - Shutdown initiated...
2024-10-25T10:42:04.251-05:00  INFO 16856 --- [SysAlmacenFX] [SpringApplicationShutdownHook] com.zaxxer.hikari.HikariDataSource       : HikariPool-1 - Shutdown completed.
2024-10-25T10:42:21.621-05:00  INFO 12092 --- [SysAlmacenFX] [JavaFX-Launcher] o.s.boot.SpringApplication               : Starting application using Java 18.0.1.1 with PID 12092 (started by PC-Laboratorio in D:\POO\DESARROLLO\POO2024C2G1\SysAlmacenFX)
2024-10-25T10:42:21.635-05:00  INFO 12092 --- [SysAlmacenFX] [JavaFX-Launcher] o.s.boot.SpringApplication               : No active profile set, falling back to 1 default profile: "default"
2024-10-25T10:42:22.738-05:00  INFO 12092 --- [SysAlmacenFX] [JavaFX-Launcher] .s.d.r.c.RepositoryConfigurationDelegate : Bootstrapping Spring Data JPA repositories in DEFAULT mode.
2024-10-25T10:42:22.868-05:00  INFO 12092 --- [SysAlmacenFX] [JavaFX-Launcher] .s.d.r.c.RepositoryConfigurationDelegate : Finished Spring Data repository scanning in 124 ms. Found 15 JPA repository interfaces.
2024-10-25T10:42:23.481-05:00  INFO 12092 --- [SysAlmacenFX] [JavaFX-Launcher] o.hibernate.jpa.internal.util.LogHelper  : HHH000204: Processing PersistenceUnitInfo [name: default]
2024-10-25T10:42:23.609-05:00  INFO 12092 --- [SysAlmacenFX] [JavaFX-Launcher] org.hibernate.Version                    : HHH000412: Hibernate ORM core version 6.5.3.Final
2024-10-25T10:42:23.662-05:00  INFO 12092 --- [SysAlmacenFX] [JavaFX-Launcher] o.h.c.internal.RegionFactoryInitiator    : HHH000026: Second-level cache disabled
2024-10-25T10:42:24.068-05:00  INFO 12092 --- [SysAlmacenFX] [JavaFX-Launcher] o.s.o.j.p.SpringPersistenceUnitInfo      : No LoadTimeWeaver setup: ignoring JPA class transformer
2024-10-25T10:42:24.118-05:00  INFO 12092 --- [SysAlmacenFX] [JavaFX-Launcher] com.zaxxer.hikari.HikariDataSource       : HikariPool-1 - Starting...
2024-10-25T10:42:24.242-05:00  INFO 12092 --- [SysAlmacenFX] [JavaFX-Launcher] com.zaxxer.hikari.pool.HikariPool        : HikariPool-1 - Added connection org.sqlite.jdbc4.JDBC4Connection@57e34fe3
2024-10-25T10:42:24.245-05:00  INFO 12092 --- [SysAlmacenFX] [JavaFX-Launcher] com.zaxxer.hikari.HikariDataSource       : HikariPool-1 - Start completed.
2024-10-25T10:42:25.883-05:00  INFO 12092 --- [SysAlmacenFX] [JavaFX-Launcher] o.h.e.t.j.p.i.JtaPlatformInitiator       : HHH000489: No JTA platform available (set 'hibernate.transaction.jta.platform' to enable JTA platform integration)
2024-10-25T10:42:25.930-05:00  INFO 12092 --- [SysAlmacenFX] [JavaFX-Launcher] j.LocalContainerEntityManagerFactoryBean : Initialized JPA EntityManagerFactory for persistence unit 'default'
2024-10-25T10:42:26.313-05:00  INFO 12092 --- [SysAlmacenFX] [JavaFX-Launcher] o.s.d.j.r.query.QueryEnhancerFactory     : Hibernate is in classpath; If applicable, HQL parser will be used.
2024-10-25T10:42:26.938-05:00  INFO 12092 --- [SysAlmacenFX] [JavaFX-Launcher] o.s.boot.SpringApplication               : Started application in 6.222 seconds (process running for 7.525)
2024-10-25T10:58:57.772-05:00  INFO 12092 --- [SysAlmacenFX] [JavaFX Application Thread] j.LocalContainerEntityManagerFactoryBean : Closing JPA EntityManagerFactory for persistence unit 'default'
2024-10-25T10:58:57.775-05:00  INFO 12092 --- [SysAlmacenFX] [JavaFX Application Thread] com.zaxxer.hikari.HikariDataSource       : HikariPool-1 - Shutdown initiated...
2024-10-25T10:58:57.778-05:00  INFO 12092 --- [SysAlmacenFX] [JavaFX Application Thread] com.zaxxer.hikari.HikariDataSource       : HikariPool-1 - Shutdown completed.
